{"C:\\Users\\atane\\playtime clone\\full-stack-1\\prj\\playtime\\POI(CopyV2)\\POI\\src\\controllers\\about-controller.js":{"path":"C:\\Users\\atane\\playtime clone\\full-stack-1\\prj\\playtime\\POI(CopyV2)\\POI\\src\\controllers\\about-controller.js","statementMap":{"0":{"start":{"line":1,"column":31},"end":{"line":5,"column":1}},"1":{"start":{"line":3,"column":4},"end":{"line":3,"column":32}}},"fnMap":{"0":{"name":"(anonymous_0)","decl":{"start":{"line":2,"column":9},"end":{"line":2,"column":10}},"loc":{"start":{"line":2,"column":31},"end":{"line":4,"column":3}},"line":2}},"branchMap":{},"s":{"0":0,"1":0},"f":{"0":0},"b":{},"all":true},"C:\\Users\\atane\\playtime clone\\full-stack-1\\prj\\playtime\\POI(CopyV2)\\POI\\src\\controllers\\accounts-controller.js":{"path":"C:\\Users\\atane\\playtime clone\\full-stack-1\\prj\\playtime\\POI(CopyV2)\\POI\\src\\controllers\\accounts-controller.js","statementMap":{"0":{"start":{"line":4,"column":34},"end":{"line":107,"column":1}},"1":{"start":{"line":9,"column":6},"end":{"line":9,"column":65}},"2":{"start":{"line":17,"column":6},"end":{"line":17,"column":73}},"3":{"start":{"line":29,"column":8},"end":{"line":35,"column":21}},"4":{"start":{"line":39,"column":19},"end":{"line":39,"column":34}},"5":{"start":{"line":40,"column":6},"end":{"line":40,"column":39}},"6":{"start":{"line":41,"column":6},"end":{"line":41,"column":29}},"7":{"start":{"line":49,"column":6},"end":{"line":49,"column":69}},"8":{"start":{"line":61,"column":8},"end":{"line":67,"column":21}},"9":{"start":{"line":71,"column":34},"end":{"line":71,"column":49}},"10":{"start":{"line":72,"column":19},"end":{"line":72,"column":59}},"11":{"start":{"line":75,"column":6},"end":{"line":83,"column":7}},"12":{"start":{"line":76,"column":8},"end":{"line":82,"column":21}},"13":{"start":{"line":86,"column":6},"end":{"line":86,"column":47}},"14":{"start":{"line":87,"column":6},"end":{"line":87,"column":38}},"15":{"start":{"line":94,"column":6},"end":{"line":94,"column":33}},"16":{"start":{"line":95,"column":6},"end":{"line":95,"column":29}},"17":{"start":{"line":101,"column":17},"end":{"line":101,"column":59}},"18":{"start":{"line":102,"column":4},"end":{"line":104,"column":5}},"19":{"start":{"line":103,"column":6},"end":{"line":103,"column":32}},"20":{"start":{"line":105,"column":4},"end":{"line":105,"column":48}}},"fnMap":{"0":{"name":"(anonymous_0)","decl":{"start":{"line":8,"column":13},"end":{"line":8,"column":14}},"loc":{"start":{"line":8,"column":35},"end":{"line":10,"column":5}},"line":8},"1":{"name":"(anonymous_1)","decl":{"start":{"line":16,"column":13},"end":{"line":16,"column":14}},"loc":{"start":{"line":16,"column":35},"end":{"line":18,"column":5}},"line":16},"2":{"name":"(anonymous_2)","decl":{"start":{"line":27,"column":18},"end":{"line":27,"column":19}},"loc":{"start":{"line":27,"column":47},"end":{"line":36,"column":7}},"line":27},"3":{"name":"(anonymous_3)","decl":{"start":{"line":38,"column":13},"end":{"line":38,"column":14}},"loc":{"start":{"line":38,"column":41},"end":{"line":42,"column":5}},"line":38},"4":{"name":"(anonymous_4)","decl":{"start":{"line":48,"column":13},"end":{"line":48,"column":14}},"loc":{"start":{"line":48,"column":35},"end":{"line":50,"column":5}},"line":48},"5":{"name":"(anonymous_5)","decl":{"start":{"line":59,"column":18},"end":{"line":59,"column":19}},"loc":{"start":{"line":59,"column":47},"end":{"line":68,"column":7}},"line":59},"6":{"name":"(anonymous_6)","decl":{"start":{"line":70,"column":13},"end":{"line":70,"column":14}},"loc":{"start":{"line":70,"column":41},"end":{"line":88,"column":5}},"line":70},"7":{"name":"(anonymous_7)","decl":{"start":{"line":93,"column":13},"end":{"line":93,"column":14}},"loc":{"start":{"line":93,"column":35},"end":{"line":96,"column":5}},"line":93},"8":{"name":"(anonymous_8)","decl":{"start":{"line":100,"column":2},"end":{"line":100,"column":3}},"loc":{"start":{"line":100,"column":35},"end":{"line":106,"column":3}},"line":100}},"branchMap":{"0":{"loc":{"start":{"line":75,"column":6},"end":{"line":83,"column":7}},"type":"if","locations":[{"start":{"line":75,"column":6},"end":{"line":83,"column":7}},{"start":{},"end":{}}],"line":75},"1":{"loc":{"start":{"line":75,"column":10},"end":{"line":75,"column":45}},"type":"binary-expr","locations":[{"start":{"line":75,"column":10},"end":{"line":75,"column":15}},{"start":{"line":75,"column":19},"end":{"line":75,"column":45}}],"line":75},"2":{"loc":{"start":{"line":102,"column":4},"end":{"line":104,"column":5}},"type":"if","locations":[{"start":{"line":102,"column":4},"end":{"line":104,"column":5}},{"start":{},"end":{}}],"line":102}},"s":{"0":0,"1":0,"2":0,"3":0,"4":0,"5":0,"6":0,"7":0,"8":0,"9":0,"10":0,"11":0,"12":0,"13":0,"14":0,"15":0,"16":0,"17":0,"18":0,"19":0,"20":0},"f":{"0":0,"1":0,"2":0,"3":0,"4":0,"5":0,"6":0,"7":0,"8":0},"b":{"0":[0,0],"1":[0,0],"2":[0,0]},"all":true},"C:\\Users\\atane\\playtime clone\\full-stack-1\\prj\\playtime\\POI(CopyV2)\\POI\\src\\controllers\\admin-controller.js":{"path":"C:\\Users\\atane\\playtime clone\\full-stack-1\\prj\\playtime\\POI(CopyV2)\\POI\\src\\controllers\\admin-controller.js","statementMap":{"0":{"start":{"line":3,"column":31},"end":{"line":25,"column":1}},"1":{"start":{"line":6,"column":19},"end":{"line":6,"column":43}},"2":{"start":{"line":7,"column":20},"end":{"line":7,"column":52}},"3":{"start":{"line":8,"column":6},"end":{"line":8,"column":77}},"4":{"start":{"line":14,"column":21},"end":{"line":14,"column":38}},"5":{"start":{"line":15,"column":26},"end":{"line":15,"column":50}},"6":{"start":{"line":18,"column":6},"end":{"line":20,"column":7}},"7":{"start":{"line":19,"column":8},"end":{"line":19,"column":50}},"8":{"start":{"line":22,"column":6},"end":{"line":22,"column":40}}},"fnMap":{"0":{"name":"(anonymous_0)","decl":{"start":{"line":5,"column":13},"end":{"line":5,"column":14}},"loc":{"start":{"line":5,"column":41},"end":{"line":9,"column":5}},"line":5},"1":{"name":"(anonymous_1)","decl":{"start":{"line":13,"column":13},"end":{"line":13,"column":14}},"loc":{"start":{"line":13,"column":41},"end":{"line":23,"column":5}},"line":13}},"branchMap":{"0":{"loc":{"start":{"line":18,"column":6},"end":{"line":20,"column":7}},"type":"if","locations":[{"start":{"line":18,"column":6},"end":{"line":20,"column":7}},{"start":{},"end":{}}],"line":18}},"s":{"0":0,"1":0,"2":0,"3":0,"4":0,"5":0,"6":0,"7":0,"8":0},"f":{"0":0,"1":0},"b":{"0":[0,0]},"all":true},"C:\\Users\\atane\\playtime clone\\full-stack-1\\prj\\playtime\\POI(CopyV2)\\POI\\src\\controllers\\dashboard-controller.js":{"path":"C:\\Users\\atane\\playtime clone\\full-stack-1\\prj\\playtime\\POI(CopyV2)\\POI\\src\\controllers\\dashboard-controller.js","statementMap":{"0":{"start":{"line":3,"column":35},"end":{"line":82,"column":1}},"1":{"start":{"line":6,"column":27},"end":{"line":6,"column":51}},"2":{"start":{"line":7,"column":23},"end":{"line":7,"column":70}},"3":{"start":{"line":8,"column":6},"end":{"line":12,"column":9}},"4":{"start":{"line":18,"column":27},"end":{"line":18,"column":51}},"5":{"start":{"line":19,"column":21},"end":{"line":30,"column":7}},"6":{"start":{"line":31,"column":6},"end":{"line":31,"column":39}},"7":{"start":{"line":32,"column":6},"end":{"line":32,"column":38}},"8":{"start":{"line":38,"column":20},"end":{"line":38,"column":37}},"9":{"start":{"line":39,"column":6},"end":{"line":39,"column":41}},"10":{"start":{"line":40,"column":6},"end":{"line":40,"column":38}},"11":{"start":{"line":46,"column":6},"end":{"line":79,"column":7}},"12":{"start":{"line":47,"column":22},"end":{"line":47,"column":41}},"13":{"start":{"line":48,"column":29},"end":{"line":48,"column":53}},"14":{"start":{"line":50,"column":8},"end":{"line":58,"column":9}},"15":{"start":{"line":51,"column":23},"end":{"line":51,"column":70}},"16":{"start":{"line":52,"column":10},"end":{"line":57,"column":13}},"17":{"start":{"line":61,"column":29},"end":{"line":61,"column":82}},"18":{"start":{"line":63,"column":8},"end":{"line":68,"column":11}},"19":{"start":{"line":70,"column":8},"end":{"line":70,"column":46}},"20":{"start":{"line":71,"column":29},"end":{"line":71,"column":53}},"21":{"start":{"line":72,"column":21},"end":{"line":72,"column":68}},"22":{"start":{"line":73,"column":8},"end":{"line":78,"column":11}}},"fnMap":{"0":{"name":"(anonymous_0)","decl":{"start":{"line":5,"column":13},"end":{"line":5,"column":14}},"loc":{"start":{"line":5,"column":41},"end":{"line":13,"column":5}},"line":5},"1":{"name":"(anonymous_1)","decl":{"start":{"line":17,"column":13},"end":{"line":17,"column":14}},"loc":{"start":{"line":17,"column":41},"end":{"line":33,"column":5}},"line":17},"2":{"name":"(anonymous_2)","decl":{"start":{"line":37,"column":13},"end":{"line":37,"column":14}},"loc":{"start":{"line":37,"column":41},"end":{"line":41,"column":5}},"line":37},"3":{"name":"(anonymous_3)","decl":{"start":{"line":45,"column":13},"end":{"line":45,"column":14}},"loc":{"start":{"line":45,"column":41},"end":{"line":80,"column":5}},"line":45}},"branchMap":{"0":{"loc":{"start":{"line":50,"column":8},"end":{"line":58,"column":9}},"type":"if","locations":[{"start":{"line":50,"column":8},"end":{"line":58,"column":9}},{"start":{},"end":{}}],"line":50}},"s":{"0":0,"1":0,"2":0,"3":0,"4":0,"5":0,"6":0,"7":0,"8":0,"9":0,"10":0,"11":0,"12":0,"13":0,"14":0,"15":0,"16":0,"17":0,"18":0,"19":0,"20":0,"21":0,"22":0},"f":{"0":0,"1":0,"2":0,"3":0},"b":{"0":[0,0]},"all":true},"C:\\Users\\atane\\playtime clone\\full-stack-1\\prj\\playtime\\POI(CopyV2)\\POI\\src\\controllers\\discussion-controller.js":{"path":"C:\\Users\\atane\\playtime clone\\full-stack-1\\prj\\playtime\\POI(CopyV2)\\POI\\src\\controllers\\discussion-controller.js","statementMap":{"0":{"start":{"line":3,"column":36},"end":{"line":39,"column":1}},"1":{"start":{"line":6,"column":26},"end":{"line":6,"column":71}},"2":{"start":{"line":7,"column":6},"end":{"line":7,"column":79}},"3":{"start":{"line":13,"column":19},"end":{"line":13,"column":43}},"4":{"start":{"line":14,"column":26},"end":{"line":14,"column":41}},"5":{"start":{"line":15,"column":6},"end":{"line":19,"column":9}},"6":{"start":{"line":20,"column":6},"end":{"line":20,"column":40}},"7":{"start":{"line":26,"column":17},"end":{"line":26,"column":41}},"8":{"start":{"line":27,"column":21},"end":{"line":27,"column":38}},"9":{"start":{"line":28,"column":25},"end":{"line":28,"column":53}},"10":{"start":{"line":30,"column":4},"end":{"line":34,"column":7}},"11":{"start":{"line":36,"column":4},"end":{"line":36,"column":38}}},"fnMap":{"0":{"name":"(anonymous_0)","decl":{"start":{"line":5,"column":13},"end":{"line":5,"column":14}},"loc":{"start":{"line":5,"column":41},"end":{"line":8,"column":5}},"line":5},"1":{"name":"(anonymous_1)","decl":{"start":{"line":12,"column":13},"end":{"line":12,"column":14}},"loc":{"start":{"line":12,"column":41},"end":{"line":21,"column":5}},"line":12},"2":{"name":"(anonymous_2)","decl":{"start":{"line":25,"column":11},"end":{"line":25,"column":12}},"loc":{"start":{"line":25,"column":39},"end":{"line":37,"column":3}},"line":25}},"branchMap":{},"s":{"0":0,"1":0,"2":0,"3":0,"4":0,"5":0,"6":0,"7":0,"8":0,"9":0,"10":0,"11":0},"f":{"0":0,"1":0,"2":0},"b":{},"all":true},"C:\\Users\\atane\\playtime clone\\full-stack-1\\prj\\playtime\\POI(CopyV2)\\POI\\src\\controllers\\explore-controller.js":{"path":"C:\\Users\\atane\\playtime clone\\full-stack-1\\prj\\playtime\\POI(CopyV2)\\POI\\src\\controllers\\explore-controller.js","statementMap":{"0":{"start":{"line":3,"column":33},"end":{"line":14,"column":1}},"1":{"start":{"line":6,"column":25},"end":{"line":6,"column":58}},"2":{"start":{"line":7,"column":23},"end":{"line":10,"column":7}},"3":{"start":{"line":11,"column":6},"end":{"line":11,"column":46}}},"fnMap":{"0":{"name":"(anonymous_0)","decl":{"start":{"line":5,"column":13},"end":{"line":5,"column":14}},"loc":{"start":{"line":5,"column":41},"end":{"line":12,"column":5}},"line":5}},"branchMap":{},"s":{"0":0,"1":0,"2":0,"3":0},"f":{"0":0},"b":{},"all":true},"C:\\Users\\atane\\playtime clone\\full-stack-1\\prj\\playtime\\POI(CopyV2)\\POI\\src\\controllers\\poi-controller.js":{"path":"C:\\Users\\atane\\playtime clone\\full-stack-1\\prj\\playtime\\POI(CopyV2)\\POI\\src\\controllers\\poi-controller.js","statementMap":{"0":{"start":{"line":7,"column":29},"end":{"line":242,"column":1}},"1":{"start":{"line":11,"column":16},"end":{"line":11,"column":63}},"2":{"start":{"line":12,"column":4},"end":{"line":14,"column":5}},"3":{"start":{"line":13,"column":6},"end":{"line":13,"column":44}},"4":{"start":{"line":15,"column":4},"end":{"line":18,"column":7}},"5":{"start":{"line":25,"column":6},"end":{"line":65,"column":7}},"6":{"start":{"line":26,"column":20},"end":{"line":26,"column":67}},"7":{"start":{"line":27,"column":8},"end":{"line":27,"column":56}},"8":{"start":{"line":27,"column":18},"end":{"line":27,"column":56}},"9":{"start":{"line":29,"column":8},"end":{"line":29,"column":40}},"10":{"start":{"line":31,"column":67},"end":{"line":31,"column":82}},"11":{"start":{"line":33,"column":23},"end":{"line":33,"column":27}},"12":{"start":{"line":34,"column":8},"end":{"line":47,"column":9}},"13":{"start":{"line":35,"column":27},"end":{"line":35,"column":63}},"14":{"start":{"line":36,"column":29},"end":{"line":36,"column":66}},"15":{"start":{"line":37,"column":10},"end":{"line":37,"column":100}},"16":{"start":{"line":37,"column":48},"end":{"line":37,"column":100}},"17":{"start":{"line":39,"column":29},"end":{"line":39,"column":61}},"18":{"start":{"line":40,"column":10},"end":{"line":44,"column":13}},"19":{"start":{"line":41,"column":12},"end":{"line":41,"column":35}},"20":{"start":{"line":42,"column":12},"end":{"line":42,"column":37}},"21":{"start":{"line":43,"column":12},"end":{"line":43,"column":38}},"22":{"start":{"line":46,"column":10},"end":{"line":46,"column":44}},"23":{"start":{"line":49,"column":26},"end":{"line":56,"column":9}},"24":{"start":{"line":58,"column":8},"end":{"line":58,"column":36}},"25":{"start":{"line":59,"column":8},"end":{"line":59,"column":50}},"26":{"start":{"line":61,"column":8},"end":{"line":61,"column":45}},"27":{"start":{"line":63,"column":8},"end":{"line":63,"column":53}},"28":{"start":{"line":64,"column":8},"end":{"line":64,"column":84}},"29":{"start":{"line":72,"column":18},"end":{"line":72,"column":65}},"30":{"start":{"line":73,"column":6},"end":{"line":73,"column":54}},"31":{"start":{"line":73,"column":16},"end":{"line":73,"column":54}},"32":{"start":{"line":75,"column":6},"end":{"line":75,"column":88}},"33":{"start":{"line":75,"column":49},"end":{"line":75,"column":86}},"34":{"start":{"line":76,"column":6},"end":{"line":76,"column":48}},"35":{"start":{"line":77,"column":6},"end":{"line":77,"column":43}},"36":{"start":{"line":84,"column":6},"end":{"line":115,"column":7}},"37":{"start":{"line":85,"column":20},"end":{"line":85,"column":67}},"38":{"start":{"line":86,"column":8},"end":{"line":86,"column":56}},"39":{"start":{"line":86,"column":18},"end":{"line":86,"column":56}},"40":{"start":{"line":88,"column":21},"end":{"line":88,"column":42}},"41":{"start":{"line":89,"column":8},"end":{"line":89,"column":76}},"42":{"start":{"line":89,"column":33},"end":{"line":89,"column":76}},"43":{"start":{"line":91,"column":29},"end":{"line":91,"column":69}},"44":{"start":{"line":92,"column":8},"end":{"line":94,"column":9}},"45":{"start":{"line":93,"column":10},"end":{"line":93,"column":101}},"46":{"start":{"line":96,"column":25},"end":{"line":96,"column":60}},"47":{"start":{"line":97,"column":27},"end":{"line":97,"column":64}},"48":{"start":{"line":98,"column":8},"end":{"line":98,"column":98}},"49":{"start":{"line":98,"column":46},"end":{"line":98,"column":98}},"50":{"start":{"line":100,"column":27},"end":{"line":100,"column":59}},"51":{"start":{"line":101,"column":8},"end":{"line":105,"column":11}},"52":{"start":{"line":102,"column":10},"end":{"line":102,"column":32}},"53":{"start":{"line":103,"column":10},"end":{"line":103,"column":34}},"54":{"start":{"line":104,"column":10},"end":{"line":104,"column":35}},"55":{"start":{"line":107,"column":8},"end":{"line":107,"column":38}},"56":{"start":{"line":108,"column":8},"end":{"line":108,"column":48}},"57":{"start":{"line":109,"column":8},"end":{"line":109,"column":50}},"58":{"start":{"line":111,"column":8},"end":{"line":111,"column":45}},"59":{"start":{"line":113,"column":8},"end":{"line":113,"column":52}},"60":{"start":{"line":114,"column":8},"end":{"line":114,"column":86}},"61":{"start":{"line":128,"column":6},"end":{"line":149,"column":7}},"62":{"start":{"line":129,"column":8},"end":{"line":129,"column":54}},"63":{"start":{"line":130,"column":81},"end":{"line":130,"column":96}},"64":{"start":{"line":132,"column":15},"end":{"line":142,"column":1}},"65":{"start":{"line":144,"column":25},"end":{"line":144,"column":57}},"66":{"start":{"line":145,"column":8},"end":{"line":145,"column":50}},"67":{"start":{"line":147,"column":8},"end":{"line":147,"column":50}},"68":{"start":{"line":148,"column":8},"end":{"line":148,"column":81}},"69":{"start":{"line":156,"column":6},"end":{"line":179,"column":7}},"70":{"start":{"line":157,"column":22},"end":{"line":157,"column":39}},"71":{"start":{"line":158,"column":21},"end":{"line":158,"column":45}},"72":{"start":{"line":159,"column":20},"end":{"line":159,"column":55}},"73":{"start":{"line":160,"column":8},"end":{"line":160,"column":56}},"74":{"start":{"line":160,"column":18},"end":{"line":160,"column":56}},"75":{"start":{"line":162,"column":23},"end":{"line":169,"column":9}},"76":{"start":{"line":171,"column":8},"end":{"line":171,"column":40}},"77":{"start":{"line":172,"column":8},"end":{"line":172,"column":33}},"78":{"start":{"line":173,"column":8},"end":{"line":173,"column":48}},"79":{"start":{"line":175,"column":8},"end":{"line":175,"column":43}},"80":{"start":{"line":177,"column":8},"end":{"line":177,"column":53}},"81":{"start":{"line":178,"column":8},"end":{"line":178,"column":84}},"82":{"start":{"line":186,"column":31},"end":{"line":186,"column":45}},"83":{"start":{"line":187,"column":18},"end":{"line":187,"column":50}},"84":{"start":{"line":188,"column":21},"end":{"line":188,"column":64}},"85":{"start":{"line":188,"column":45},"end":{"line":188,"column":63}},"86":{"start":{"line":190,"column":6},"end":{"line":192,"column":7}},"87":{"start":{"line":191,"column":8},"end":{"line":191,"column":40}},"88":{"start":{"line":194,"column":6},"end":{"line":198,"column":9}},"89":{"start":{"line":205,"column":20},"end":{"line":205,"column":37}},"90":{"start":{"line":206,"column":23},"end":{"line":206,"column":46}},"91":{"start":{"line":207,"column":21},"end":{"line":207,"column":48}},"92":{"start":{"line":209,"column":18},"end":{"line":209,"column":53}},"93":{"start":{"line":210,"column":6},"end":{"line":210,"column":54}},"94":{"start":{"line":210,"column":16},"end":{"line":210,"column":54}},"95":{"start":{"line":212,"column":21},"end":{"line":212,"column":62}},"96":{"start":{"line":212,"column":43},"end":{"line":212,"column":61}},"97":{"start":{"line":213,"column":6},"end":{"line":213,"column":60}},"98":{"start":{"line":213,"column":19},"end":{"line":213,"column":60}},"99":{"start":{"line":215,"column":6},"end":{"line":215,"column":101}},"100":{"start":{"line":215,"column":36},"end":{"line":215,"column":101}},"101":{"start":{"line":217,"column":6},"end":{"line":217,"column":53}},"102":{"start":{"line":218,"column":6},"end":{"line":218,"column":47}},"103":{"start":{"line":219,"column":6},"end":{"line":219,"column":46}},"104":{"start":{"line":221,"column":6},"end":{"line":221,"column":41}},"105":{"start":{"line":228,"column":20},"end":{"line":228,"column":37}},"106":{"start":{"line":229,"column":23},"end":{"line":229,"column":46}},"107":{"start":{"line":230,"column":18},"end":{"line":230,"column":53}},"108":{"start":{"line":231,"column":6},"end":{"line":231,"column":54}},"109":{"start":{"line":231,"column":16},"end":{"line":231,"column":54}},"110":{"start":{"line":233,"column":20},"end":{"line":233,"column":66}},"111":{"start":{"line":233,"column":47},"end":{"line":233,"column":65}},"112":{"start":{"line":234,"column":6},"end":{"line":237,"column":7}},"113":{"start":{"line":235,"column":8},"end":{"line":235,"column":37}},"114":{"start":{"line":236,"column":8},"end":{"line":236,"column":48}},"115":{"start":{"line":239,"column":6},"end":{"line":239,"column":41}}},"fnMap":{"0":{"name":"(anonymous_0)","decl":{"start":{"line":10,"column":11},"end":{"line":10,"column":12}},"loc":{"start":{"line":10,"column":39},"end":{"line":19,"column":3}},"line":10},"1":{"name":"(anonymous_1)","decl":{"start":{"line":24,"column":13},"end":{"line":24,"column":14}},"loc":{"start":{"line":24,"column":41},"end":{"line":66,"column":5}},"line":24},"2":{"name":"(anonymous_2)","decl":{"start":{"line":40,"column":28},"end":{"line":40,"column":29}},"loc":{"start":{"line":40,"column":49},"end":{"line":44,"column":11}},"line":40},"3":{"name":"(anonymous_3)","decl":{"start":{"line":71,"column":13},"end":{"line":71,"column":14}},"loc":{"start":{"line":71,"column":41},"end":{"line":78,"column":5}},"line":71},"4":{"name":"(anonymous_4)","decl":{"start":{"line":75,"column":39},"end":{"line":75,"column":40}},"loc":{"start":{"line":75,"column":49},"end":{"line":75,"column":86}},"line":75},"5":{"name":"(anonymous_5)","decl":{"start":{"line":83,"column":13},"end":{"line":83,"column":14}},"loc":{"start":{"line":83,"column":41},"end":{"line":116,"column":5}},"line":83},"6":{"name":"(anonymous_6)","decl":{"start":{"line":101,"column":26},"end":{"line":101,"column":27}},"loc":{"start":{"line":101,"column":47},"end":{"line":105,"column":9}},"line":101},"7":{"name":"(anonymous_7)","decl":{"start":{"line":127,"column":13},"end":{"line":127,"column":14}},"loc":{"start":{"line":127,"column":41},"end":{"line":150,"column":5}},"line":127},"8":{"name":"(anonymous_8)","decl":{"start":{"line":155,"column":13},"end":{"line":155,"column":14}},"loc":{"start":{"line":155,"column":41},"end":{"line":180,"column":5}},"line":155},"9":{"name":"(anonymous_9)","decl":{"start":{"line":185,"column":13},"end":{"line":185,"column":14}},"loc":{"start":{"line":185,"column":41},"end":{"line":199,"column":5}},"line":185},"10":{"name":"(anonymous_10)","decl":{"start":{"line":188,"column":40},"end":{"line":188,"column":41}},"loc":{"start":{"line":188,"column":45},"end":{"line":188,"column":63}},"line":188},"11":{"name":"(anonymous_11)","decl":{"start":{"line":204,"column":13},"end":{"line":204,"column":14}},"loc":{"start":{"line":204,"column":41},"end":{"line":222,"column":5}},"line":204},"12":{"name":"(anonymous_12)","decl":{"start":{"line":212,"column":38},"end":{"line":212,"column":39}},"loc":{"start":{"line":212,"column":43},"end":{"line":212,"column":61}},"line":212},"13":{"name":"(anonymous_13)","decl":{"start":{"line":227,"column":13},"end":{"line":227,"column":14}},"loc":{"start":{"line":227,"column":41},"end":{"line":240,"column":5}},"line":227},"14":{"name":"(anonymous_14)","decl":{"start":{"line":233,"column":42},"end":{"line":233,"column":43}},"loc":{"start":{"line":233,"column":47},"end":{"line":233,"column":65}},"line":233}},"branchMap":{"0":{"loc":{"start":{"line":12,"column":4},"end":{"line":14,"column":5}},"type":"if","locations":[{"start":{"line":12,"column":4},"end":{"line":14,"column":5}},{"start":{},"end":{}}],"line":12},"1":{"loc":{"start":{"line":27,"column":8},"end":{"line":27,"column":56}},"type":"if","locations":[{"start":{"line":27,"column":8},"end":{"line":27,"column":56}},{"start":{},"end":{}}],"line":27},"2":{"loc":{"start":{"line":29,"column":22},"end":{"line":29,"column":39}},"type":"binary-expr","locations":[{"start":{"line":29,"column":22},"end":{"line":29,"column":33}},{"start":{"line":29,"column":37},"end":{"line":29,"column":39}}],"line":29},"3":{"loc":{"start":{"line":34,"column":8},"end":{"line":47,"column":9}},"type":"if","locations":[{"start":{"line":34,"column":8},"end":{"line":47,"column":9}},{"start":{},"end":{}}],"line":34},"4":{"loc":{"start":{"line":34,"column":12},"end":{"line":34,"column":31}},"type":"binary-expr","locations":[{"start":{"line":34,"column":12},"end":{"line":34,"column":17}},{"start":{"line":34,"column":21},"end":{"line":34,"column":31}}],"line":34},"5":{"loc":{"start":{"line":37,"column":10},"end":{"line":37,"column":100}},"type":"if","locations":[{"start":{"line":37,"column":10},"end":{"line":37,"column":100}},{"start":{},"end":{}}],"line":37},"6":{"loc":{"start":{"line":73,"column":6},"end":{"line":73,"column":54}},"type":"if","locations":[{"start":{"line":73,"column":6},"end":{"line":73,"column":54}},{"start":{},"end":{}}],"line":73},"7":{"loc":{"start":{"line":86,"column":8},"end":{"line":86,"column":56}},"type":"if","locations":[{"start":{"line":86,"column":8},"end":{"line":86,"column":56}},{"start":{},"end":{}}],"line":86},"8":{"loc":{"start":{"line":89,"column":8},"end":{"line":89,"column":76}},"type":"if","locations":[{"start":{"line":89,"column":8},"end":{"line":89,"column":76}},{"start":{},"end":{}}],"line":89},"9":{"loc":{"start":{"line":89,"column":12},"end":{"line":89,"column":31}},"type":"binary-expr","locations":[{"start":{"line":89,"column":12},"end":{"line":89,"column":17}},{"start":{"line":89,"column":21},"end":{"line":89,"column":31}}],"line":89},"10":{"loc":{"start":{"line":92,"column":8},"end":{"line":94,"column":9}},"type":"if","locations":[{"start":{"line":92,"column":8},"end":{"line":94,"column":9}},{"start":{},"end":{}}],"line":92},"11":{"loc":{"start":{"line":98,"column":8},"end":{"line":98,"column":98}},"type":"if","locations":[{"start":{"line":98,"column":8},"end":{"line":98,"column":98}},{"start":{},"end":{}}],"line":98},"12":{"loc":{"start":{"line":107,"column":21},"end":{"line":107,"column":37}},"type":"binary-expr","locations":[{"start":{"line":107,"column":21},"end":{"line":107,"column":31}},{"start":{"line":107,"column":35},"end":{"line":107,"column":37}}],"line":107},"13":{"loc":{"start":{"line":160,"column":8},"end":{"line":160,"column":56}},"type":"if","locations":[{"start":{"line":160,"column":8},"end":{"line":160,"column":56}},{"start":{},"end":{}}],"line":160},"14":{"loc":{"start":{"line":171,"column":22},"end":{"line":171,"column":39}},"type":"binary-expr","locations":[{"start":{"line":171,"column":22},"end":{"line":171,"column":33}},{"start":{"line":171,"column":37},"end":{"line":171,"column":39}}],"line":171},"15":{"loc":{"start":{"line":190,"column":6},"end":{"line":192,"column":7}},"type":"if","locations":[{"start":{"line":190,"column":6},"end":{"line":192,"column":7}},{"start":{},"end":{}}],"line":190},"16":{"loc":{"start":{"line":190,"column":10},"end":{"line":190,"column":66}},"type":"binary-expr","locations":[{"start":{"line":190,"column":10},"end":{"line":190,"column":17}},{"start":{"line":190,"column":21},"end":{"line":190,"column":66}}],"line":190},"17":{"loc":{"start":{"line":210,"column":6},"end":{"line":210,"column":54}},"type":"if","locations":[{"start":{"line":210,"column":6},"end":{"line":210,"column":54}},{"start":{},"end":{}}],"line":210},"18":{"loc":{"start":{"line":213,"column":6},"end":{"line":213,"column":60}},"type":"if","locations":[{"start":{"line":213,"column":6},"end":{"line":213,"column":60}},{"start":{},"end":{}}],"line":213},"19":{"loc":{"start":{"line":215,"column":6},"end":{"line":215,"column":101}},"type":"if","locations":[{"start":{"line":215,"column":6},"end":{"line":215,"column":101}},{"start":{},"end":{}}],"line":215},"20":{"loc":{"start":{"line":231,"column":6},"end":{"line":231,"column":54}},"type":"if","locations":[{"start":{"line":231,"column":6},"end":{"line":231,"column":54}},{"start":{},"end":{}}],"line":231},"21":{"loc":{"start":{"line":234,"column":6},"end":{"line":237,"column":7}},"type":"if","locations":[{"start":{"line":234,"column":6},"end":{"line":237,"column":7}},{"start":{},"end":{}}],"line":234},"22":{"loc":{"start":{"line":234,"column":10},"end":{"line":234,"column":83}},"type":"binary-expr","locations":[{"start":{"line":234,"column":10},"end":{"line":234,"column":22}},{"start":{"line":234,"column":26},"end":{"line":234,"column":83}}],"line":234}},"s":{"0":0,"1":0,"2":0,"3":0,"4":0,"5":0,"6":0,"7":0,"8":0,"9":0,"10":0,"11":0,"12":0,"13":0,"14":0,"15":0,"16":0,"17":0,"18":0,"19":0,"20":0,"21":0,"22":0,"23":0,"24":0,"25":0,"26":0,"27":0,"28":0,"29":0,"30":0,"31":0,"32":0,"33":0,"34":0,"35":0,"36":0,"37":0,"38":0,"39":0,"40":0,"41":0,"42":0,"43":0,"44":0,"45":0,"46":0,"47":0,"48":0,"49":0,"50":0,"51":0,"52":0,"53":0,"54":0,"55":0,"56":0,"57":0,"58":0,"59":0,"60":0,"61":0,"62":0,"63":0,"64":0,"65":0,"66":0,"67":0,"68":0,"69":0,"70":0,"71":0,"72":0,"73":0,"74":0,"75":0,"76":0,"77":0,"78":0,"79":0,"80":0,"81":0,"82":0,"83":0,"84":0,"85":0,"86":0,"87":0,"88":0,"89":0,"90":0,"91":0,"92":0,"93":0,"94":0,"95":0,"96":0,"97":0,"98":0,"99":0,"100":0,"101":0,"102":0,"103":0,"104":0,"105":0,"106":0,"107":0,"108":0,"109":0,"110":0,"111":0,"112":0,"113":0,"114":0,"115":0},"f":{"0":0,"1":0,"2":0,"3":0,"4":0,"5":0,"6":0,"7":0,"8":0,"9":0,"10":0,"11":0,"12":0,"13":0,"14":0},"b":{"0":[0,0],"1":[0,0],"2":[0,0],"3":[0,0],"4":[0,0],"5":[0,0],"6":[0,0],"7":[0,0],"8":[0,0],"9":[0,0],"10":[0,0],"11":[0,0],"12":[0,0],"13":[0,0],"14":[0,0],"15":[0,0],"16":[0,0],"17":[0,0],"18":[0,0],"19":[0,0],"20":[0,0],"21":[0,0],"22":[0,0]},"all":true},"C:\\Users\\atane\\playtime clone\\full-stack-1\\prj\\playtime\\POI(CopyV2)\\POI\\src\\models\\db.js":{"path":"C:\\Users\\atane\\playtime clone\\full-stack-1\\prj\\playtime\\POI(CopyV2)\\POI\\src\\models\\db.js","statementMap":{"0":{"start":{"line":5,"column":18},"end":{"line":20,"column":1}},"1":{"start":{"line":11,"column":4},"end":{"line":18,"column":5}},"2":{"start":{"line":12,"column":6},"end":{"line":12,"column":37}},"3":{"start":{"line":13,"column":6},"end":{"line":13,"column":35}},"4":{"start":{"line":14,"column":6},"end":{"line":14,"column":41}},"5":{"start":{"line":16,"column":6},"end":{"line":16,"column":70}},"6":{"start":{"line":17,"column":6},"end":{"line":17,"column":22}}},"fnMap":{"0":{"name":"(anonymous_0)","decl":{"start":{"line":10,"column":2},"end":{"line":10,"column":3}},"loc":{"start":{"line":10,"column":18},"end":{"line":19,"column":3}},"line":10}},"branchMap":{"0":{"loc":{"start":{"line":11,"column":4},"end":{"line":18,"column":5}},"type":"if","locations":[{"start":{"line":11,"column":4},"end":{"line":18,"column":5}},{"start":{"line":15,"column":11},"end":{"line":18,"column":5}}],"line":11}},"s":{"0":0,"1":0,"2":0,"3":0,"4":0,"5":0,"6":0},"f":{"0":0},"b":{"0":[0,0]},"all":true},"C:\\Users\\atane\\playtime clone\\full-stack-1\\prj\\playtime\\POI(CopyV2)\\POI\\src\\models\\joi-schemas.js":{"path":"C:\\Users\\atane\\playtime clone\\full-stack-1\\prj\\playtime\\POI(CopyV2)\\POI\\src\\models\\joi-schemas.js","statementMap":{"0":{"start":{"line":4,"column":24},"end":{"line":9,"column":1}},"1":{"start":{"line":12,"column":35},"end":{"line":15,"column":1}},"2":{"start":{"line":18,"column":23},"end":{"line":23,"column":1}},"3":{"start":{"line":26,"column":26},"end":{"line":31,"column":1}}},"fnMap":{},"branchMap":{},"s":{"0":0,"1":0,"2":0,"3":0},"f":{},"b":{},"all":true},"C:\\Users\\atane\\playtime clone\\full-stack-1\\prj\\playtime\\POI(CopyV2)\\POI\\src\\models\\json\\discussion-json-store.js":{"path":"C:\\Users\\atane\\playtime clone\\full-stack-1\\prj\\playtime\\POI(CopyV2)\\POI\\src\\models\\json\\discussion-json-store.js","statementMap":{"0":{"start":{"line":4,"column":35},"end":{"line":61,"column":1}},"1":{"start":{"line":6,"column":4},"end":{"line":6,"column":20}},"2":{"start":{"line":7,"column":4},"end":{"line":7,"column":37}},"3":{"start":{"line":11,"column":4},"end":{"line":11,"column":20}},"4":{"start":{"line":12,"column":4},"end":{"line":12,"column":25}},"5":{"start":{"line":13,"column":4},"end":{"line":13,"column":25}},"6":{"start":{"line":14,"column":4},"end":{"line":14,"column":49}},"7":{"start":{"line":15,"column":4},"end":{"line":15,"column":52}},"8":{"start":{"line":16,"column":4},"end":{"line":16,"column":38}},"9":{"start":{"line":17,"column":4},"end":{"line":17,"column":21}},"10":{"start":{"line":18,"column":4},"end":{"line":18,"column":19}},"11":{"start":{"line":22,"column":2},"end":{"line":22,"column":18}},"12":{"start":{"line":24,"column":21},"end":{"line":26,"column":3}},"13":{"start":{"line":25,"column":4},"end":{"line":25,"column":65}},"14":{"start":{"line":28,"column":2},"end":{"line":28,"column":26}},"15":{"start":{"line":28,"column":19},"end":{"line":28,"column":26}},"16":{"start":{"line":30,"column":2},"end":{"line":30,"column":21}},"17":{"start":{"line":31,"column":2},"end":{"line":31,"column":45}},"18":{"start":{"line":34,"column":2},"end":{"line":43,"column":3}},"19":{"start":{"line":35,"column":4},"end":{"line":35,"column":35}},"20":{"start":{"line":38,"column":24},"end":{"line":38,"column":72}},"21":{"start":{"line":39,"column":4},"end":{"line":41,"column":5}},"22":{"start":{"line":40,"column":6},"end":{"line":40,"column":31}},"23":{"start":{"line":42,"column":4},"end":{"line":42,"column":36}},"24":{"start":{"line":45,"column":2},"end":{"line":45,"column":19}},"25":{"start":{"line":50,"column":2},"end":{"line":56,"column":3}},"26":{"start":{"line":51,"column":4},"end":{"line":51,"column":39}},"27":{"start":{"line":51,"column":26},"end":{"line":51,"column":39}},"28":{"start":{"line":52,"column":4},"end":{"line":55,"column":5}},"29":{"start":{"line":53,"column":20},"end":{"line":53,"column":57}},"30":{"start":{"line":54,"column":6},"end":{"line":54,"column":30}},"31":{"start":{"line":54,"column":17},"end":{"line":54,"column":30}},"32":{"start":{"line":57,"column":2},"end":{"line":57,"column":14}}},"fnMap":{"0":{"name":"(anonymous_0)","decl":{"start":{"line":5,"column":2},"end":{"line":5,"column":3}},"loc":{"start":{"line":5,"column":28},"end":{"line":8,"column":3}},"line":5},"1":{"name":"(anonymous_1)","decl":{"start":{"line":10,"column":2},"end":{"line":10,"column":3}},"loc":{"start":{"line":10,"column":28},"end":{"line":19,"column":3}},"line":10},"2":{"name":"(anonymous_2)","decl":{"start":{"line":21,"column":0},"end":{"line":21,"column":1}},"loc":{"start":{"line":21,"column":32},"end":{"line":46,"column":1}},"line":21},"3":{"name":"(anonymous_3)","decl":{"start":{"line":24,"column":46},"end":{"line":24,"column":47}},"loc":{"start":{"line":25,"column":4},"end":{"line":25,"column":65}},"line":25},"4":{"name":"(anonymous_4)","decl":{"start":{"line":49,"column":0},"end":{"line":49,"column":1}},"loc":{"start":{"line":49,"column":27},"end":{"line":58,"column":1}},"line":49}},"branchMap":{"0":{"loc":{"start":{"line":7,"column":11},"end":{"line":7,"column":36}},"type":"binary-expr","locations":[{"start":{"line":7,"column":11},"end":{"line":7,"column":30}},{"start":{"line":7,"column":34},"end":{"line":7,"column":36}}],"line":7},"1":{"loc":{"start":{"line":15,"column":26},"end":{"line":15,"column":51}},"type":"binary-expr","locations":[{"start":{"line":15,"column":26},"end":{"line":15,"column":45}},{"start":{"line":15,"column":49},"end":{"line":15,"column":51}}],"line":15},"2":{"loc":{"start":{"line":25,"column":4},"end":{"line":25,"column":65}},"type":"binary-expr","locations":[{"start":{"line":25,"column":4},"end":{"line":25,"column":22}},{"start":{"line":25,"column":26},"end":{"line":25,"column":65}}],"line":25},"3":{"loc":{"start":{"line":28,"column":2},"end":{"line":28,"column":26}},"type":"if","locations":[{"start":{"line":28,"column":2},"end":{"line":28,"column":26}},{"start":{},"end":{}}],"line":28},"4":{"loc":{"start":{"line":34,"column":2},"end":{"line":43,"column":3}},"type":"if","locations":[{"start":{"line":34,"column":2},"end":{"line":43,"column":3}},{"start":{"line":36,"column":9},"end":{"line":43,"column":3}}],"line":34},"5":{"loc":{"start":{"line":39,"column":4},"end":{"line":41,"column":5}},"type":"if","locations":[{"start":{"line":39,"column":4},"end":{"line":41,"column":5}},{"start":{},"end":{}}],"line":39},"6":{"loc":{"start":{"line":51,"column":4},"end":{"line":51,"column":39}},"type":"if","locations":[{"start":{"line":51,"column":4},"end":{"line":51,"column":39}},{"start":{},"end":{}}],"line":51},"7":{"loc":{"start":{"line":52,"column":4},"end":{"line":55,"column":5}},"type":"if","locations":[{"start":{"line":52,"column":4},"end":{"line":55,"column":5}},{"start":{},"end":{}}],"line":52},"8":{"loc":{"start":{"line":52,"column":8},"end":{"line":52,"column":49}},"type":"binary-expr","locations":[{"start":{"line":52,"column":8},"end":{"line":52,"column":21}},{"start":{"line":52,"column":25},"end":{"line":52,"column":49}}],"line":52},"9":{"loc":{"start":{"line":54,"column":6},"end":{"line":54,"column":30}},"type":"if","locations":[{"start":{"line":54,"column":6},"end":{"line":54,"column":30}},{"start":{},"end":{}}],"line":54}},"s":{"0":0,"1":0,"2":0,"3":0,"4":0,"5":0,"6":0,"7":0,"8":0,"9":0,"10":0,"11":0,"12":0,"13":0,"14":0,"15":0,"16":0,"17":0,"18":0,"19":0,"20":0,"21":0,"22":0,"23":0,"24":0,"25":0,"26":0,"27":0,"28":0,"29":0,"30":0,"31":0,"32":0},"f":{"0":0,"1":0,"2":0,"3":0,"4":0},"b":{"0":[0,0],"1":[0,0],"2":[0,0],"3":[0,0],"4":[0,0],"5":[0,0],"6":[0,0],"7":[0,0],"8":[0,0],"9":[0,0]},"all":true},"C:\\Users\\atane\\playtime clone\\full-stack-1\\prj\\playtime\\POI(CopyV2)\\POI\\src\\models\\json\\marker-json-store.js":{"path":"C:\\Users\\atane\\playtime clone\\full-stack-1\\prj\\playtime\\POI(CopyV2)\\POI\\src\\models\\json\\marker-json-store.js","statementMap":{"0":{"start":{"line":4,"column":31},"end":{"line":67,"column":1}},"1":{"start":{"line":7,"column":4},"end":{"line":7,"column":20}},"2":{"start":{"line":8,"column":4},"end":{"line":8,"column":27}},"3":{"start":{"line":13,"column":4},"end":{"line":13,"column":20}},"4":{"start":{"line":14,"column":4},"end":{"line":14,"column":22}},"5":{"start":{"line":15,"column":4},"end":{"line":15,"column":25}},"6":{"start":{"line":16,"column":4},"end":{"line":16,"column":33}},"7":{"start":{"line":17,"column":4},"end":{"line":17,"column":21}},"8":{"start":{"line":18,"column":4},"end":{"line":18,"column":18}},"9":{"start":{"line":23,"column":2},"end":{"line":23,"column":18}},"10":{"start":{"line":24,"column":14},"end":{"line":24,"column":64}},"11":{"start":{"line":24,"column":41},"end":{"line":24,"column":55}},"12":{"start":{"line":25,"column":2},"end":{"line":28,"column":3}},"13":{"start":{"line":26,"column":20},"end":{"line":26,"column":63}},"14":{"start":{"line":27,"column":4},"end":{"line":27,"column":59}},"15":{"start":{"line":27,"column":48},"end":{"line":27,"column":57}},"16":{"start":{"line":29,"column":2},"end":{"line":29,"column":13}},"17":{"start":{"line":33,"column":2},"end":{"line":33,"column":18}},"18":{"start":{"line":34,"column":2},"end":{"line":34,"column":76}},"19":{"start":{"line":34,"column":52},"end":{"line":34,"column":74}},"20":{"start":{"line":39,"column":4},"end":{"line":39,"column":20}},"21":{"start":{"line":40,"column":4},"end":{"line":40,"column":71}},"22":{"start":{"line":40,"column":44},"end":{"line":40,"column":61}},"23":{"start":{"line":45,"column":4},"end":{"line":45,"column":20}},"24":{"start":{"line":46,"column":18},"end":{"line":46,"column":74}},"25":{"start":{"line":46,"column":56},"end":{"line":46,"column":73}},"26":{"start":{"line":47,"column":4},"end":{"line":50,"column":5}},"27":{"start":{"line":48,"column":6},"end":{"line":48,"column":39}},"28":{"start":{"line":49,"column":6},"end":{"line":49,"column":23}},"29":{"start":{"line":55,"column":4},"end":{"line":55,"column":25}},"30":{"start":{"line":56,"column":4},"end":{"line":56,"column":21}},"31":{"start":{"line":61,"column":4},"end":{"line":61,"column":39}},"32":{"start":{"line":62,"column":4},"end":{"line":62,"column":51}},"33":{"start":{"line":63,"column":4},"end":{"line":63,"column":45}},"34":{"start":{"line":64,"column":4},"end":{"line":64,"column":47}},"35":{"start":{"line":65,"column":4},"end":{"line":65,"column":21}}},"fnMap":{"0":{"name":"(anonymous_0)","decl":{"start":{"line":6,"column":2},"end":{"line":6,"column":3}},"loc":{"start":{"line":6,"column":24},"end":{"line":9,"column":3}},"line":6},"1":{"name":"(anonymous_1)","decl":{"start":{"line":12,"column":2},"end":{"line":12,"column":3}},"loc":{"start":{"line":12,"column":33},"end":{"line":19,"column":3}},"line":12},"2":{"name":"(anonymous_2)","decl":{"start":{"line":22,"column":2},"end":{"line":22,"column":3}},"loc":{"start":{"line":22,"column":23},"end":{"line":30,"column":1}},"line":22},"3":{"name":"(anonymous_3)","decl":{"start":{"line":24,"column":32},"end":{"line":24,"column":33}},"loc":{"start":{"line":24,"column":41},"end":{"line":24,"column":55}},"line":24},"4":{"name":"(anonymous_4)","decl":{"start":{"line":27,"column":41},"end":{"line":27,"column":42}},"loc":{"start":{"line":27,"column":48},"end":{"line":27,"column":57}},"line":27},"5":{"name":"(anonymous_5)","decl":{"start":{"line":32,"column":0},"end":{"line":32,"column":1}},"loc":{"start":{"line":32,"column":31},"end":{"line":35,"column":1}},"line":32},"6":{"name":"(anonymous_6)","decl":{"start":{"line":34,"column":40},"end":{"line":34,"column":41}},"loc":{"start":{"line":34,"column":52},"end":{"line":34,"column":74}},"line":34},"7":{"name":"(anonymous_7)","decl":{"start":{"line":38,"column":2},"end":{"line":38,"column":3}},"loc":{"start":{"line":38,"column":26},"end":{"line":41,"column":3}},"line":38},"8":{"name":"(anonymous_8)","decl":{"start":{"line":40,"column":32},"end":{"line":40,"column":33}},"loc":{"start":{"line":40,"column":44},"end":{"line":40,"column":61}},"line":40},"9":{"name":"(anonymous_9)","decl":{"start":{"line":44,"column":2},"end":{"line":44,"column":3}},"loc":{"start":{"line":44,"column":25},"end":{"line":51,"column":3}},"line":44},"10":{"name":"(anonymous_10)","decl":{"start":{"line":46,"column":44},"end":{"line":46,"column":45}},"loc":{"start":{"line":46,"column":56},"end":{"line":46,"column":73}},"line":46},"11":{"name":"(anonymous_11)","decl":{"start":{"line":54,"column":2},"end":{"line":54,"column":3}},"loc":{"start":{"line":54,"column":27},"end":{"line":57,"column":3}},"line":54},"12":{"name":"(anonymous_12)","decl":{"start":{"line":60,"column":2},"end":{"line":60,"column":3}},"loc":{"start":{"line":60,"column":44},"end":{"line":66,"column":3}},"line":60}},"branchMap":{"0":{"loc":{"start":{"line":24,"column":14},"end":{"line":24,"column":64}},"type":"binary-expr","locations":[{"start":{"line":24,"column":14},"end":{"line":24,"column":56}},{"start":{"line":24,"column":60},"end":{"line":24,"column":64}}],"line":24},"1":{"loc":{"start":{"line":25,"column":2},"end":{"line":28,"column":3}},"type":"if","locations":[{"start":{"line":25,"column":2},"end":{"line":28,"column":3}},{"start":{},"end":{}}],"line":25},"2":{"loc":{"start":{"line":27,"column":19},"end":{"line":27,"column":32}},"type":"binary-expr","locations":[{"start":{"line":27,"column":19},"end":{"line":27,"column":26}},{"start":{"line":27,"column":30},"end":{"line":27,"column":32}}],"line":27},"3":{"loc":{"start":{"line":34,"column":10},"end":{"line":34,"column":31}},"type":"binary-expr","locations":[{"start":{"line":34,"column":10},"end":{"line":34,"column":25}},{"start":{"line":34,"column":29},"end":{"line":34,"column":31}}],"line":34},"4":{"loc":{"start":{"line":40,"column":11},"end":{"line":40,"column":70}},"type":"binary-expr","locations":[{"start":{"line":40,"column":11},"end":{"line":40,"column":62}},{"start":{"line":40,"column":66},"end":{"line":40,"column":70}}],"line":40},"5":{"loc":{"start":{"line":47,"column":4},"end":{"line":50,"column":5}},"type":"if","locations":[{"start":{"line":47,"column":4},"end":{"line":50,"column":5}},{"start":{},"end":{}}],"line":47}},"s":{"0":0,"1":0,"2":0,"3":0,"4":0,"5":0,"6":0,"7":0,"8":0,"9":0,"10":0,"11":0,"12":0,"13":0,"14":0,"15":0,"16":0,"17":0,"18":0,"19":0,"20":0,"21":0,"22":0,"23":0,"24":0,"25":0,"26":0,"27":0,"28":0,"29":0,"30":0,"31":0,"32":0,"33":0,"34":0,"35":0},"f":{"0":0,"1":0,"2":0,"3":0,"4":0,"5":0,"6":0,"7":0,"8":0,"9":0,"10":0,"11":0,"12":0},"b":{"0":[0,0],"1":[0,0],"2":[0,0],"3":[0,0],"4":[0,0],"5":[0,0]},"all":true},"C:\\Users\\atane\\playtime clone\\full-stack-1\\prj\\playtime\\POI(CopyV2)\\POI\\src\\models\\json\\poi-json-store.js":{"path":"C:\\Users\\atane\\playtime clone\\full-stack-1\\prj\\playtime\\POI(CopyV2)\\POI\\src\\models\\json\\poi-json-store.js","statementMap":{"0":{"start":{"line":5,"column":28},"end":{"line":104,"column":1}},"1":{"start":{"line":7,"column":4},"end":{"line":7,"column":20}},"2":{"start":{"line":8,"column":4},"end":{"line":8,"column":30}},"3":{"start":{"line":12,"column":2},"end":{"line":12,"column":18}},"4":{"start":{"line":13,"column":2},"end":{"line":13,"column":17}},"5":{"start":{"line":14,"column":2},"end":{"line":14,"column":18}},"6":{"start":{"line":15,"column":2},"end":{"line":15,"column":19}},"7":{"start":{"line":16,"column":2},"end":{"line":16,"column":19}},"8":{"start":{"line":19,"column":2},"end":{"line":19,"column":34}},"9":{"start":{"line":21,"column":2},"end":{"line":21,"column":25}},"10":{"start":{"line":22,"column":2},"end":{"line":22,"column":19}},"11":{"start":{"line":23,"column":2},"end":{"line":23,"column":13}},"12":{"start":{"line":28,"column":2},"end":{"line":28,"column":18}},"13":{"start":{"line":29,"column":14},"end":{"line":29,"column":64}},"14":{"start":{"line":29,"column":41},"end":{"line":29,"column":55}},"15":{"start":{"line":30,"column":2},"end":{"line":33,"column":3}},"16":{"start":{"line":31,"column":20},"end":{"line":31,"column":63}},"17":{"start":{"line":32,"column":4},"end":{"line":32,"column":51}},"18":{"start":{"line":32,"column":40},"end":{"line":32,"column":49}},"19":{"start":{"line":34,"column":2},"end":{"line":34,"column":13}},"20":{"start":{"line":39,"column":4},"end":{"line":39,"column":20}},"21":{"start":{"line":40,"column":4},"end":{"line":40,"column":69}},"22":{"start":{"line":40,"column":40},"end":{"line":40,"column":61}},"23":{"start":{"line":44,"column":4},"end":{"line":44,"column":20}},"24":{"start":{"line":45,"column":23},"end":{"line":45,"column":42}},"25":{"start":{"line":46,"column":4},"end":{"line":53,"column":7}},"26":{"start":{"line":47,"column":25},"end":{"line":47,"column":70}},"27":{"start":{"line":48,"column":31},"end":{"line":48,"column":82}},"28":{"start":{"line":49,"column":28},"end":{"line":49,"column":76}},"29":{"start":{"line":50,"column":28},"end":{"line":50,"column":75}},"30":{"start":{"line":51,"column":24},"end":{"line":51,"column":63}},"31":{"start":{"line":52,"column":6},"end":{"line":52,"column":40}},"32":{"start":{"line":57,"column":4},"end":{"line":57,"column":20}},"33":{"start":{"line":58,"column":18},"end":{"line":58,"column":65}},"34":{"start":{"line":58,"column":50},"end":{"line":58,"column":64}},"35":{"start":{"line":59,"column":4},"end":{"line":62,"column":5}},"36":{"start":{"line":60,"column":6},"end":{"line":60,"column":36}},"37":{"start":{"line":61,"column":6},"end":{"line":61,"column":23}},"38":{"start":{"line":66,"column":4},"end":{"line":66,"column":22}},"39":{"start":{"line":67,"column":4},"end":{"line":67,"column":21}},"40":{"start":{"line":71,"column":4},"end":{"line":71,"column":20}},"41":{"start":{"line":72,"column":4},"end":{"line":72,"column":65}},"42":{"start":{"line":72,"column":40},"end":{"line":72,"column":63}},"43":{"start":{"line":76,"column":4},"end":{"line":76,"column":20}},"44":{"start":{"line":77,"column":16},"end":{"line":77,"column":57}},"45":{"start":{"line":77,"column":41},"end":{"line":77,"column":56}},"46":{"start":{"line":78,"column":4},"end":{"line":84,"column":5}},"47":{"start":{"line":79,"column":6},"end":{"line":79,"column":24}},"48":{"start":{"line":80,"column":6},"end":{"line":80,"column":50}},"49":{"start":{"line":81,"column":6},"end":{"line":81,"column":38}},"50":{"start":{"line":82,"column":6},"end":{"line":82,"column":31}},"51":{"start":{"line":83,"column":6},"end":{"line":83,"column":23}},"52":{"start":{"line":88,"column":4},"end":{"line":88,"column":20}},"53":{"start":{"line":89,"column":16},"end":{"line":89,"column":54}},"54":{"start":{"line":89,"column":41},"end":{"line":89,"column":53}},"55":{"start":{"line":90,"column":4},"end":{"line":100,"column":5}},"56":{"start":{"line":91,"column":6},"end":{"line":91,"column":35}},"57":{"start":{"line":92,"column":6},"end":{"line":92,"column":41}},"58":{"start":{"line":93,"column":6},"end":{"line":93,"column":47}},"59":{"start":{"line":94,"column":6},"end":{"line":94,"column":41}},"60":{"start":{"line":95,"column":6},"end":{"line":95,"column":43}},"61":{"start":{"line":96,"column":6},"end":{"line":96,"column":43}},"62":{"start":{"line":97,"column":6},"end":{"line":97,"column":45}},"63":{"start":{"line":98,"column":6},"end":{"line":98,"column":60}},"64":{"start":{"line":99,"column":6},"end":{"line":99,"column":23}}},"fnMap":{"0":{"name":"(anonymous_0)","decl":{"start":{"line":6,"column":2},"end":{"line":6,"column":3}},"loc":{"start":{"line":6,"column":21},"end":{"line":9,"column":3}},"line":6},"1":{"name":"(anonymous_1)","decl":{"start":{"line":11,"column":1},"end":{"line":11,"column":2}},"loc":{"start":{"line":11,"column":19},"end":{"line":24,"column":1}},"line":11},"2":{"name":"(anonymous_2)","decl":{"start":{"line":27,"column":0},"end":{"line":27,"column":1}},"loc":{"start":{"line":27,"column":21},"end":{"line":35,"column":1}},"line":27},"3":{"name":"(anonymous_3)","decl":{"start":{"line":29,"column":32},"end":{"line":29,"column":33}},"loc":{"start":{"line":29,"column":41},"end":{"line":29,"column":55}},"line":29},"4":{"name":"(anonymous_4)","decl":{"start":{"line":32,"column":33},"end":{"line":32,"column":34}},"loc":{"start":{"line":32,"column":40},"end":{"line":32,"column":49}},"line":32},"5":{"name":"(anonymous_5)","decl":{"start":{"line":38,"column":2},"end":{"line":38,"column":3}},"loc":{"start":{"line":38,"column":28},"end":{"line":41,"column":3}},"line":38},"6":{"name":"(anonymous_6)","decl":{"start":{"line":40,"column":31},"end":{"line":40,"column":32}},"loc":{"start":{"line":40,"column":40},"end":{"line":40,"column":61}},"line":40},"7":{"name":"(anonymous_7)","decl":{"start":{"line":43,"column":2},"end":{"line":43,"column":3}},"loc":{"start":{"line":43,"column":34},"end":{"line":54,"column":3}},"line":43},"8":{"name":"(anonymous_8)","decl":{"start":{"line":46,"column":31},"end":{"line":46,"column":32}},"loc":{"start":{"line":46,"column":40},"end":{"line":53,"column":5}},"line":46},"9":{"name":"(anonymous_9)","decl":{"start":{"line":56,"column":2},"end":{"line":56,"column":3}},"loc":{"start":{"line":56,"column":26},"end":{"line":63,"column":3}},"line":56},"10":{"name":"(anonymous_10)","decl":{"start":{"line":58,"column":41},"end":{"line":58,"column":42}},"loc":{"start":{"line":58,"column":50},"end":{"line":58,"column":64}},"line":58},"11":{"name":"(anonymous_11)","decl":{"start":{"line":65,"column":2},"end":{"line":65,"column":3}},"loc":{"start":{"line":65,"column":24},"end":{"line":68,"column":3}},"line":65},"12":{"name":"(anonymous_12)","decl":{"start":{"line":70,"column":2},"end":{"line":70,"column":3}},"loc":{"start":{"line":70,"column":24},"end":{"line":73,"column":3}},"line":70},"13":{"name":"(anonymous_13)","decl":{"start":{"line":72,"column":31},"end":{"line":72,"column":32}},"loc":{"start":{"line":72,"column":40},"end":{"line":72,"column":63}},"line":72},"14":{"name":"(anonymous_14)","decl":{"start":{"line":75,"column":2},"end":{"line":75,"column":3}},"loc":{"start":{"line":75,"column":38},"end":{"line":85,"column":3}},"line":75},"15":{"name":"(anonymous_15)","decl":{"start":{"line":77,"column":34},"end":{"line":77,"column":35}},"loc":{"start":{"line":77,"column":41},"end":{"line":77,"column":56}},"line":77},"16":{"name":"(anonymous_16)","decl":{"start":{"line":87,"column":2},"end":{"line":87,"column":3}},"loc":{"start":{"line":87,"column":34},"end":{"line":101,"column":3}},"line":87},"17":{"name":"(anonymous_17)","decl":{"start":{"line":89,"column":34},"end":{"line":89,"column":35}},"loc":{"start":{"line":89,"column":41},"end":{"line":89,"column":53}},"line":89}},"branchMap":{"0":{"loc":{"start":{"line":8,"column":11},"end":{"line":8,"column":29}},"type":"binary-expr","locations":[{"start":{"line":8,"column":11},"end":{"line":8,"column":23}},{"start":{"line":8,"column":27},"end":{"line":8,"column":29}}],"line":8},"1":{"loc":{"start":{"line":29,"column":14},"end":{"line":29,"column":64}},"type":"binary-expr","locations":[{"start":{"line":29,"column":14},"end":{"line":29,"column":56}},{"start":{"line":29,"column":60},"end":{"line":29,"column":64}}],"line":29},"2":{"loc":{"start":{"line":30,"column":2},"end":{"line":33,"column":3}},"type":"if","locations":[{"start":{"line":30,"column":2},"end":{"line":33,"column":3}},{"start":{},"end":{}}],"line":30},"3":{"loc":{"start":{"line":40,"column":11},"end":{"line":40,"column":68}},"type":"binary-expr","locations":[{"start":{"line":40,"column":11},"end":{"line":40,"column":62}},{"start":{"line":40,"column":66},"end":{"line":40,"column":68}}],"line":40},"4":{"loc":{"start":{"line":50,"column":28},"end":{"line":50,"column":75}},"type":"binary-expr","locations":[{"start":{"line":50,"column":28},"end":{"line":50,"column":38}},{"start":{"line":50,"column":42},"end":{"line":50,"column":58}},{"start":{"line":50,"column":62},"end":{"line":50,"column":75}}],"line":50},"5":{"loc":{"start":{"line":51,"column":24},"end":{"line":51,"column":63}},"type":"binary-expr","locations":[{"start":{"line":51,"column":24},"end":{"line":51,"column":38}},{"start":{"line":51,"column":42},"end":{"line":51,"column":63}}],"line":51},"6":{"loc":{"start":{"line":52,"column":13},"end":{"line":52,"column":39}},"type":"binary-expr","locations":[{"start":{"line":52,"column":13},"end":{"line":52,"column":26}},{"start":{"line":52,"column":30},"end":{"line":52,"column":39}}],"line":52},"7":{"loc":{"start":{"line":59,"column":4},"end":{"line":62,"column":5}},"type":"if","locations":[{"start":{"line":59,"column":4},"end":{"line":62,"column":5}},{"start":{},"end":{}}],"line":59},"8":{"loc":{"start":{"line":78,"column":4},"end":{"line":84,"column":5}},"type":"if","locations":[{"start":{"line":78,"column":4},"end":{"line":84,"column":5}},{"start":{},"end":{}}],"line":78},"9":{"loc":{"start":{"line":81,"column":20},"end":{"line":81,"column":37}},"type":"binary-expr","locations":[{"start":{"line":81,"column":20},"end":{"line":81,"column":31}},{"start":{"line":81,"column":35},"end":{"line":81,"column":37}}],"line":81},"10":{"loc":{"start":{"line":90,"column":4},"end":{"line":100,"column":5}},"type":"if","locations":[{"start":{"line":90,"column":4},"end":{"line":100,"column":5}},{"start":{},"end":{}}],"line":90},"11":{"loc":{"start":{"line":96,"column":19},"end":{"line":96,"column":42}},"type":"binary-expr","locations":[{"start":{"line":96,"column":19},"end":{"line":96,"column":36}},{"start":{"line":96,"column":40},"end":{"line":96,"column":42}}],"line":96},"12":{"loc":{"start":{"line":97,"column":20},"end":{"line":97,"column":44}},"type":"binary-expr","locations":[{"start":{"line":97,"column":20},"end":{"line":97,"column":38}},{"start":{"line":97,"column":42},"end":{"line":97,"column":44}}],"line":97},"13":{"loc":{"start":{"line":98,"column":20},"end":{"line":98,"column":59}},"type":"binary-expr","locations":[{"start":{"line":98,"column":20},"end":{"line":98,"column":38}},{"start":{"line":98,"column":42},"end":{"line":98,"column":53}},{"start":{"line":98,"column":57},"end":{"line":98,"column":59}}],"line":98}},"s":{"0":0,"1":0,"2":0,"3":0,"4":0,"5":0,"6":0,"7":0,"8":0,"9":0,"10":0,"11":0,"12":0,"13":0,"14":0,"15":0,"16":0,"17":0,"18":0,"19":0,"20":0,"21":0,"22":0,"23":0,"24":0,"25":0,"26":0,"27":0,"28":0,"29":0,"30":0,"31":0,"32":0,"33":0,"34":0,"35":0,"36":0,"37":0,"38":0,"39":0,"40":0,"41":0,"42":0,"43":0,"44":0,"45":0,"46":0,"47":0,"48":0,"49":0,"50":0,"51":0,"52":0,"53":0,"54":0,"55":0,"56":0,"57":0,"58":0,"59":0,"60":0,"61":0,"62":0,"63":0,"64":0},"f":{"0":0,"1":0,"2":0,"3":0,"4":0,"5":0,"6":0,"7":0,"8":0,"9":0,"10":0,"11":0,"12":0,"13":0,"14":0,"15":0,"16":0,"17":0},"b":{"0":[0,0],"1":[0,0],"2":[0,0],"3":[0,0],"4":[0,0,0],"5":[0,0],"6":[0,0],"7":[0,0],"8":[0,0],"9":[0,0],"10":[0,0],"11":[0,0],"12":[0,0],"13":[0,0,0]},"all":true},"C:\\Users\\atane\\playtime clone\\full-stack-1\\prj\\playtime\\POI(CopyV2)\\POI\\src\\models\\json\\store-utils.js":{"path":"C:\\Users\\atane\\playtime clone\\full-stack-1\\prj\\playtime\\POI(CopyV2)\\POI\\src\\models\\json\\store-utils.js","statementMap":{"0":{"start":{"line":3,"column":18},"end":{"line":7,"column":2}}},"fnMap":{},"branchMap":{},"s":{"0":0},"f":{},"b":{},"all":true},"C:\\Users\\atane\\playtime clone\\full-stack-1\\prj\\playtime\\POI(CopyV2)\\POI\\src\\models\\json\\user-json-store.js":{"path":"C:\\Users\\atane\\playtime clone\\full-stack-1\\prj\\playtime\\POI(CopyV2)\\POI\\src\\models\\json\\user-json-store.js","statementMap":{"0":{"start":{"line":4,"column":29},"end":{"line":47,"column":1}},"1":{"start":{"line":7,"column":2},"end":{"line":7,"column":18}},"2":{"start":{"line":8,"column":2},"end":{"line":8,"column":29}},"3":{"start":{"line":13,"column":4},"end":{"line":13,"column":20}},"4":{"start":{"line":14,"column":4},"end":{"line":14,"column":20}},"5":{"start":{"line":15,"column":4},"end":{"line":15,"column":29}},"6":{"start":{"line":16,"column":4},"end":{"line":16,"column":21}},"7":{"start":{"line":17,"column":4},"end":{"line":17,"column":16}},"8":{"start":{"line":22,"column":4},"end":{"line":22,"column":20}},"9":{"start":{"line":23,"column":4},"end":{"line":23,"column":25}},"10":{"start":{"line":23,"column":13},"end":{"line":23,"column":25}},"11":{"start":{"line":24,"column":4},"end":{"line":24,"column":65}},"12":{"start":{"line":24,"column":40},"end":{"line":24,"column":55}},"13":{"start":{"line":29,"column":4},"end":{"line":29,"column":20}},"14":{"start":{"line":30,"column":4},"end":{"line":30,"column":70}},"15":{"start":{"line":30,"column":40},"end":{"line":30,"column":60}},"16":{"start":{"line":35,"column":4},"end":{"line":35,"column":20}},"17":{"start":{"line":36,"column":18},"end":{"line":36,"column":68}},"18":{"start":{"line":36,"column":52},"end":{"line":36,"column":67}},"19":{"start":{"line":37,"column":4},"end":{"line":37,"column":53}},"20":{"start":{"line":37,"column":22},"end":{"line":37,"column":53}},"21":{"start":{"line":38,"column":4},"end":{"line":38,"column":21}},"22":{"start":{"line":43,"column":4},"end":{"line":43,"column":23}},"23":{"start":{"line":44,"column":4},"end":{"line":44,"column":21}}},"fnMap":{"0":{"name":"(anonymous_0)","decl":{"start":{"line":6,"column":0},"end":{"line":6,"column":1}},"loc":{"start":{"line":6,"column":20},"end":{"line":9,"column":1}},"line":6},"1":{"name":"(anonymous_1)","decl":{"start":{"line":12,"column":2},"end":{"line":12,"column":3}},"loc":{"start":{"line":12,"column":22},"end":{"line":18,"column":3}},"line":12},"2":{"name":"(anonymous_2)","decl":{"start":{"line":21,"column":2},"end":{"line":21,"column":3}},"loc":{"start":{"line":21,"column":24},"end":{"line":25,"column":3}},"line":21},"3":{"name":"(anonymous_3)","decl":{"start":{"line":24,"column":30},"end":{"line":24,"column":31}},"loc":{"start":{"line":24,"column":40},"end":{"line":24,"column":55}},"line":24},"4":{"name":"(anonymous_4)","decl":{"start":{"line":28,"column":2},"end":{"line":28,"column":3}},"loc":{"start":{"line":28,"column":30},"end":{"line":31,"column":3}},"line":28},"5":{"name":"(anonymous_5)","decl":{"start":{"line":30,"column":30},"end":{"line":30,"column":31}},"loc":{"start":{"line":30,"column":40},"end":{"line":30,"column":60}},"line":30},"6":{"name":"(anonymous_6)","decl":{"start":{"line":34,"column":2},"end":{"line":34,"column":3}},"loc":{"start":{"line":34,"column":27},"end":{"line":39,"column":3}},"line":34},"7":{"name":"(anonymous_7)","decl":{"start":{"line":36,"column":42},"end":{"line":36,"column":43}},"loc":{"start":{"line":36,"column":52},"end":{"line":36,"column":67}},"line":36},"8":{"name":"(anonymous_8)","decl":{"start":{"line":42,"column":2},"end":{"line":42,"column":3}},"loc":{"start":{"line":42,"column":20},"end":{"line":45,"column":3}},"line":42}},"branchMap":{"0":{"loc":{"start":{"line":8,"column":9},"end":{"line":8,"column":28}},"type":"binary-expr","locations":[{"start":{"line":8,"column":9},"end":{"line":8,"column":22}},{"start":{"line":8,"column":26},"end":{"line":8,"column":28}}],"line":8},"1":{"loc":{"start":{"line":23,"column":4},"end":{"line":23,"column":25}},"type":"if","locations":[{"start":{"line":23,"column":4},"end":{"line":23,"column":25}},{"start":{},"end":{}}],"line":23},"2":{"loc":{"start":{"line":24,"column":11},"end":{"line":24,"column":64}},"type":"binary-expr","locations":[{"start":{"line":24,"column":11},"end":{"line":24,"column":56}},{"start":{"line":24,"column":60},"end":{"line":24,"column":64}}],"line":24},"3":{"loc":{"start":{"line":30,"column":11},"end":{"line":30,"column":69}},"type":"binary-expr","locations":[{"start":{"line":30,"column":11},"end":{"line":30,"column":61}},{"start":{"line":30,"column":65},"end":{"line":30,"column":69}}],"line":30},"4":{"loc":{"start":{"line":37,"column":4},"end":{"line":37,"column":53}},"type":"if","locations":[{"start":{"line":37,"column":4},"end":{"line":37,"column":53}},{"start":{},"end":{}}],"line":37}},"s":{"0":0,"1":0,"2":0,"3":0,"4":0,"5":0,"6":0,"7":0,"8":0,"9":0,"10":0,"11":0,"12":0,"13":0,"14":0,"15":0,"16":0,"17":0,"18":0,"19":0,"20":0,"21":0,"22":0,"23":0},"f":{"0":0,"1":0,"2":0,"3":0,"4":0,"5":0,"6":0,"7":0,"8":0},"b":{"0":[0,0],"1":[0,0],"2":[0,0],"3":[0,0],"4":[0,0]},"all":true},"C:\\Users\\atane\\playtime clone\\full-stack-1\\prj\\playtime\\POI(CopyV2)\\POI\\src\\models\\mem\\marker-mem-store.js":{"path":"C:\\Users\\atane\\playtime clone\\full-stack-1\\prj\\playtime\\POI(CopyV2)\\POI\\src\\models\\mem\\marker-mem-store.js","statementMap":{"0":{"start":{"line":3,"column":14},"end":{"line":3,"column":16}},"1":{"start":{"line":5,"column":30},"end":{"line":39,"column":1}},"2":{"start":{"line":8,"column":4},"end":{"line":8,"column":19}},"3":{"start":{"line":13,"column":4},"end":{"line":13,"column":22}},"4":{"start":{"line":14,"column":4},"end":{"line":14,"column":25}},"5":{"start":{"line":15,"column":4},"end":{"line":15,"column":25}},"6":{"start":{"line":16,"column":4},"end":{"line":16,"column":18}},"7":{"start":{"line":21,"column":4},"end":{"line":21,"column":70}},"8":{"start":{"line":21,"column":38},"end":{"line":21,"column":60}},"9":{"start":{"line":26,"column":4},"end":{"line":26,"column":63}},"10":{"start":{"line":26,"column":36},"end":{"line":26,"column":53}},"11":{"start":{"line":31,"column":18},"end":{"line":31,"column":66}},"12":{"start":{"line":31,"column":48},"end":{"line":31,"column":65}},"13":{"start":{"line":32,"column":4},"end":{"line":32,"column":47}},"14":{"start":{"line":32,"column":22},"end":{"line":32,"column":47}},"15":{"start":{"line":37,"column":4},"end":{"line":37,"column":17}}},"fnMap":{"0":{"name":"(anonymous_0)","decl":{"start":{"line":7,"column":2},"end":{"line":7,"column":3}},"loc":{"start":{"line":7,"column":24},"end":{"line":9,"column":3}},"line":7},"1":{"name":"(anonymous_1)","decl":{"start":{"line":12,"column":2},"end":{"line":12,"column":3}},"loc":{"start":{"line":12,"column":33},"end":{"line":17,"column":3}},"line":12},"2":{"name":"(anonymous_2)","decl":{"start":{"line":20,"column":2},"end":{"line":20,"column":3}},"loc":{"start":{"line":20,"column":33},"end":{"line":22,"column":3}},"line":20},"3":{"name":"(anonymous_3)","decl":{"start":{"line":21,"column":26},"end":{"line":21,"column":27}},"loc":{"start":{"line":21,"column":38},"end":{"line":21,"column":60}},"line":21},"4":{"name":"(anonymous_4)","decl":{"start":{"line":25,"column":2},"end":{"line":25,"column":3}},"loc":{"start":{"line":25,"column":26},"end":{"line":27,"column":3}},"line":25},"5":{"name":"(anonymous_5)","decl":{"start":{"line":26,"column":24},"end":{"line":26,"column":25}},"loc":{"start":{"line":26,"column":36},"end":{"line":26,"column":53}},"line":26},"6":{"name":"(anonymous_6)","decl":{"start":{"line":30,"column":2},"end":{"line":30,"column":3}},"loc":{"start":{"line":30,"column":25},"end":{"line":33,"column":3}},"line":30},"7":{"name":"(anonymous_7)","decl":{"start":{"line":31,"column":36},"end":{"line":31,"column":37}},"loc":{"start":{"line":31,"column":48},"end":{"line":31,"column":65}},"line":31},"8":{"name":"(anonymous_8)","decl":{"start":{"line":36,"column":2},"end":{"line":36,"column":3}},"loc":{"start":{"line":36,"column":27},"end":{"line":38,"column":3}},"line":36}},"branchMap":{"0":{"loc":{"start":{"line":21,"column":11},"end":{"line":21,"column":69}},"type":"binary-expr","locations":[{"start":{"line":21,"column":11},"end":{"line":21,"column":61}},{"start":{"line":21,"column":65},"end":{"line":21,"column":69}}],"line":21},"1":{"loc":{"start":{"line":26,"column":11},"end":{"line":26,"column":62}},"type":"binary-expr","locations":[{"start":{"line":26,"column":11},"end":{"line":26,"column":54}},{"start":{"line":26,"column":58},"end":{"line":26,"column":62}}],"line":26},"2":{"loc":{"start":{"line":32,"column":4},"end":{"line":32,"column":47}},"type":"if","locations":[{"start":{"line":32,"column":4},"end":{"line":32,"column":47}},{"start":{},"end":{}}],"line":32}},"s":{"0":0,"1":0,"2":0,"3":0,"4":0,"5":0,"6":0,"7":0,"8":0,"9":0,"10":0,"11":0,"12":0,"13":0,"14":0,"15":0},"f":{"0":0,"1":0,"2":0,"3":0,"4":0,"5":0,"6":0,"7":0,"8":0},"b":{"0":[0,0],"1":[0,0],"2":[0,0]},"all":true},"C:\\Users\\atane\\playtime clone\\full-stack-1\\prj\\playtime\\POI(CopyV2)\\POI\\src\\models\\mem\\poi-mem-store.js":{"path":"C:\\Users\\atane\\playtime clone\\full-stack-1\\prj\\playtime\\POI(CopyV2)\\POI\\src\\models\\mem\\poi-mem-store.js","statementMap":{"0":{"start":{"line":4,"column":11},"end":{"line":4,"column":13}},"1":{"start":{"line":6,"column":27},"end":{"line":92,"column":1}},"2":{"start":{"line":9,"column":4},"end":{"line":9,"column":16}},"3":{"start":{"line":14,"column":4},"end":{"line":14,"column":19}},"4":{"start":{"line":15,"column":4},"end":{"line":15,"column":20}},"5":{"start":{"line":16,"column":4},"end":{"line":16,"column":21}},"6":{"start":{"line":17,"column":4},"end":{"line":17,"column":21}},"7":{"start":{"line":18,"column":4},"end":{"line":18,"column":36}},"8":{"start":{"line":19,"column":4},"end":{"line":19,"column":19}},"9":{"start":{"line":20,"column":4},"end":{"line":20,"column":15}},"10":{"start":{"line":25,"column":16},"end":{"line":25,"column":50}},"11":{"start":{"line":25,"column":35},"end":{"line":25,"column":49}},"12":{"start":{"line":26,"column":4},"end":{"line":29,"column":5}},"13":{"start":{"line":27,"column":6},"end":{"line":27,"column":68}},"14":{"start":{"line":28,"column":6},"end":{"line":28,"column":17}},"15":{"start":{"line":30,"column":4},"end":{"line":30,"column":16}},"16":{"start":{"line":35,"column":4},"end":{"line":35,"column":55}},"17":{"start":{"line":35,"column":32},"end":{"line":35,"column":53}},"18":{"start":{"line":40,"column":23},"end":{"line":40,"column":42}},"19":{"start":{"line":41,"column":4},"end":{"line":48,"column":7}},"20":{"start":{"line":42,"column":25},"end":{"line":42,"column":70}},"21":{"start":{"line":43,"column":31},"end":{"line":43,"column":82}},"22":{"start":{"line":44,"column":28},"end":{"line":44,"column":76}},"23":{"start":{"line":45,"column":28},"end":{"line":45,"column":75}},"24":{"start":{"line":46,"column":24},"end":{"line":46,"column":63}},"25":{"start":{"line":47,"column":6},"end":{"line":47,"column":40}},"26":{"start":{"line":53,"column":18},"end":{"line":53,"column":57}},"27":{"start":{"line":53,"column":42},"end":{"line":53,"column":56}},"28":{"start":{"line":54,"column":4},"end":{"line":54,"column":44}},"29":{"start":{"line":54,"column":22},"end":{"line":54,"column":44}},"30":{"start":{"line":59,"column":4},"end":{"line":59,"column":14}},"31":{"start":{"line":64,"column":4},"end":{"line":64,"column":57}},"32":{"start":{"line":64,"column":32},"end":{"line":64,"column":55}},"33":{"start":{"line":69,"column":16},"end":{"line":69,"column":49}},"34":{"start":{"line":69,"column":33},"end":{"line":69,"column":48}},"35":{"start":{"line":70,"column":4},"end":{"line":75,"column":5}},"36":{"start":{"line":71,"column":6},"end":{"line":71,"column":24}},"37":{"start":{"line":72,"column":6},"end":{"line":72,"column":50}},"38":{"start":{"line":73,"column":6},"end":{"line":73,"column":38}},"39":{"start":{"line":74,"column":6},"end":{"line":74,"column":31}},"40":{"start":{"line":80,"column":16},"end":{"line":80,"column":46}},"41":{"start":{"line":80,"column":33},"end":{"line":80,"column":45}},"42":{"start":{"line":81,"column":4},"end":{"line":90,"column":5}},"43":{"start":{"line":82,"column":6},"end":{"line":82,"column":35}},"44":{"start":{"line":83,"column":6},"end":{"line":83,"column":41}},"45":{"start":{"line":84,"column":6},"end":{"line":84,"column":47}},"46":{"start":{"line":85,"column":6},"end":{"line":85,"column":41}},"47":{"start":{"line":86,"column":6},"end":{"line":86,"column":43}},"48":{"start":{"line":87,"column":6},"end":{"line":87,"column":43}},"49":{"start":{"line":88,"column":6},"end":{"line":88,"column":45}},"50":{"start":{"line":89,"column":6},"end":{"line":89,"column":60}}},"fnMap":{"0":{"name":"(anonymous_0)","decl":{"start":{"line":8,"column":2},"end":{"line":8,"column":3}},"loc":{"start":{"line":8,"column":21},"end":{"line":10,"column":3}},"line":8},"1":{"name":"(anonymous_1)","decl":{"start":{"line":13,"column":2},"end":{"line":13,"column":3}},"loc":{"start":{"line":13,"column":20},"end":{"line":21,"column":3}},"line":13},"2":{"name":"(anonymous_2)","decl":{"start":{"line":24,"column":2},"end":{"line":24,"column":3}},"loc":{"start":{"line":24,"column":23},"end":{"line":31,"column":3}},"line":24},"3":{"name":"(anonymous_3)","decl":{"start":{"line":25,"column":26},"end":{"line":25,"column":27}},"loc":{"start":{"line":25,"column":35},"end":{"line":25,"column":49}},"line":25},"4":{"name":"(anonymous_4)","decl":{"start":{"line":34,"column":2},"end":{"line":34,"column":3}},"loc":{"start":{"line":34,"column":28},"end":{"line":36,"column":3}},"line":34},"5":{"name":"(anonymous_5)","decl":{"start":{"line":35,"column":23},"end":{"line":35,"column":24}},"loc":{"start":{"line":35,"column":32},"end":{"line":35,"column":53}},"line":35},"6":{"name":"(anonymous_6)","decl":{"start":{"line":39,"column":2},"end":{"line":39,"column":3}},"loc":{"start":{"line":39,"column":34},"end":{"line":49,"column":3}},"line":39},"7":{"name":"(anonymous_7)","decl":{"start":{"line":41,"column":23},"end":{"line":41,"column":24}},"loc":{"start":{"line":41,"column":32},"end":{"line":48,"column":5}},"line":41},"8":{"name":"(anonymous_8)","decl":{"start":{"line":52,"column":2},"end":{"line":52,"column":3}},"loc":{"start":{"line":52,"column":26},"end":{"line":55,"column":3}},"line":52},"9":{"name":"(anonymous_9)","decl":{"start":{"line":53,"column":33},"end":{"line":53,"column":34}},"loc":{"start":{"line":53,"column":42},"end":{"line":53,"column":56}},"line":53},"10":{"name":"(anonymous_10)","decl":{"start":{"line":58,"column":2},"end":{"line":58,"column":3}},"loc":{"start":{"line":58,"column":24},"end":{"line":60,"column":3}},"line":58},"11":{"name":"(anonymous_11)","decl":{"start":{"line":63,"column":2},"end":{"line":63,"column":3}},"loc":{"start":{"line":63,"column":24},"end":{"line":65,"column":3}},"line":63},"12":{"name":"(anonymous_12)","decl":{"start":{"line":64,"column":23},"end":{"line":64,"column":24}},"loc":{"start":{"line":64,"column":32},"end":{"line":64,"column":55}},"line":64},"13":{"name":"(anonymous_13)","decl":{"start":{"line":68,"column":2},"end":{"line":68,"column":3}},"loc":{"start":{"line":68,"column":38},"end":{"line":76,"column":3}},"line":68},"14":{"name":"(anonymous_14)","decl":{"start":{"line":69,"column":26},"end":{"line":69,"column":27}},"loc":{"start":{"line":69,"column":33},"end":{"line":69,"column":48}},"line":69},"15":{"name":"(anonymous_15)","decl":{"start":{"line":79,"column":2},"end":{"line":79,"column":3}},"loc":{"start":{"line":79,"column":34},"end":{"line":91,"column":3}},"line":79},"16":{"name":"(anonymous_16)","decl":{"start":{"line":80,"column":26},"end":{"line":80,"column":27}},"loc":{"start":{"line":80,"column":33},"end":{"line":80,"column":45}},"line":80}},"branchMap":{"0":{"loc":{"start":{"line":26,"column":4},"end":{"line":29,"column":5}},"type":"if","locations":[{"start":{"line":26,"column":4},"end":{"line":29,"column":5}},{"start":{},"end":{}}],"line":26},"1":{"loc":{"start":{"line":45,"column":28},"end":{"line":45,"column":75}},"type":"binary-expr","locations":[{"start":{"line":45,"column":28},"end":{"line":45,"column":38}},{"start":{"line":45,"column":42},"end":{"line":45,"column":58}},{"start":{"line":45,"column":62},"end":{"line":45,"column":75}}],"line":45},"2":{"loc":{"start":{"line":46,"column":24},"end":{"line":46,"column":63}},"type":"binary-expr","locations":[{"start":{"line":46,"column":24},"end":{"line":46,"column":38}},{"start":{"line":46,"column":42},"end":{"line":46,"column":63}}],"line":46},"3":{"loc":{"start":{"line":47,"column":13},"end":{"line":47,"column":39}},"type":"binary-expr","locations":[{"start":{"line":47,"column":13},"end":{"line":47,"column":26}},{"start":{"line":47,"column":30},"end":{"line":47,"column":39}}],"line":47},"4":{"loc":{"start":{"line":54,"column":4},"end":{"line":54,"column":44}},"type":"if","locations":[{"start":{"line":54,"column":4},"end":{"line":54,"column":44}},{"start":{},"end":{}}],"line":54},"5":{"loc":{"start":{"line":70,"column":4},"end":{"line":75,"column":5}},"type":"if","locations":[{"start":{"line":70,"column":4},"end":{"line":75,"column":5}},{"start":{},"end":{}}],"line":70},"6":{"loc":{"start":{"line":73,"column":20},"end":{"line":73,"column":37}},"type":"binary-expr","locations":[{"start":{"line":73,"column":20},"end":{"line":73,"column":31}},{"start":{"line":73,"column":35},"end":{"line":73,"column":37}}],"line":73},"7":{"loc":{"start":{"line":81,"column":4},"end":{"line":90,"column":5}},"type":"if","locations":[{"start":{"line":81,"column":4},"end":{"line":90,"column":5}},{"start":{},"end":{}}],"line":81},"8":{"loc":{"start":{"line":87,"column":19},"end":{"line":87,"column":42}},"type":"binary-expr","locations":[{"start":{"line":87,"column":19},"end":{"line":87,"column":36}},{"start":{"line":87,"column":40},"end":{"line":87,"column":42}}],"line":87},"9":{"loc":{"start":{"line":88,"column":20},"end":{"line":88,"column":44}},"type":"binary-expr","locations":[{"start":{"line":88,"column":20},"end":{"line":88,"column":38}},{"start":{"line":88,"column":42},"end":{"line":88,"column":44}}],"line":88},"10":{"loc":{"start":{"line":89,"column":20},"end":{"line":89,"column":59}},"type":"binary-expr","locations":[{"start":{"line":89,"column":20},"end":{"line":89,"column":38}},{"start":{"line":89,"column":42},"end":{"line":89,"column":53}},{"start":{"line":89,"column":57},"end":{"line":89,"column":59}}],"line":89}},"s":{"0":0,"1":0,"2":0,"3":0,"4":0,"5":0,"6":0,"7":0,"8":0,"9":0,"10":0,"11":0,"12":0,"13":0,"14":0,"15":0,"16":0,"17":0,"18":0,"19":0,"20":0,"21":0,"22":0,"23":0,"24":0,"25":0,"26":0,"27":0,"28":0,"29":0,"30":0,"31":0,"32":0,"33":0,"34":0,"35":0,"36":0,"37":0,"38":0,"39":0,"40":0,"41":0,"42":0,"43":0,"44":0,"45":0,"46":0,"47":0,"48":0,"49":0,"50":0},"f":{"0":0,"1":0,"2":0,"3":0,"4":0,"5":0,"6":0,"7":0,"8":0,"9":0,"10":0,"11":0,"12":0,"13":0,"14":0,"15":0,"16":0},"b":{"0":[0,0],"1":[0,0,0],"2":[0,0],"3":[0,0],"4":[0,0],"5":[0,0],"6":[0,0],"7":[0,0],"8":[0,0],"9":[0,0],"10":[0,0,0]},"all":true},"C:\\Users\\atane\\playtime clone\\full-stack-1\\prj\\playtime\\POI(CopyV2)\\POI\\src\\models\\mem\\user-mem-store.js":{"path":"C:\\Users\\atane\\playtime clone\\full-stack-1\\prj\\playtime\\POI(CopyV2)\\POI\\src\\models\\mem\\user-mem-store.js","statementMap":{"0":{"start":{"line":3,"column":12},"end":{"line":3,"column":14}},"1":{"start":{"line":5,"column":28},"end":{"line":36,"column":1}},"2":{"start":{"line":7,"column":4},"end":{"line":7,"column":17}},"3":{"start":{"line":11,"column":4},"end":{"line":11,"column":20}},"4":{"start":{"line":12,"column":4},"end":{"line":12,"column":21}},"5":{"start":{"line":13,"column":4},"end":{"line":13,"column":16}},"6":{"start":{"line":17,"column":12},"end":{"line":17,"column":49}},"7":{"start":{"line":17,"column":33},"end":{"line":17,"column":48}},"8":{"start":{"line":18,"column":4},"end":{"line":18,"column":34}},"9":{"start":{"line":18,"column":25},"end":{"line":18,"column":34}},"10":{"start":{"line":19,"column":4},"end":{"line":19,"column":13}},"11":{"start":{"line":23,"column":12},"end":{"line":23,"column":54}},"12":{"start":{"line":23,"column":33},"end":{"line":23,"column":53}},"13":{"start":{"line":24,"column":4},"end":{"line":24,"column":34}},"14":{"start":{"line":24,"column":25},"end":{"line":24,"column":34}},"15":{"start":{"line":25,"column":4},"end":{"line":25,"column":13}},"16":{"start":{"line":29,"column":18},"end":{"line":29,"column":60}},"17":{"start":{"line":29,"column":44},"end":{"line":29,"column":59}},"18":{"start":{"line":30,"column":4},"end":{"line":30,"column":45}},"19":{"start":{"line":30,"column":22},"end":{"line":30,"column":45}},"20":{"start":{"line":34,"column":4},"end":{"line":34,"column":15}}},"fnMap":{"0":{"name":"(anonymous_0)","decl":{"start":{"line":6,"column":2},"end":{"line":6,"column":3}},"loc":{"start":{"line":6,"column":22},"end":{"line":8,"column":3}},"line":6},"1":{"name":"(anonymous_1)","decl":{"start":{"line":10,"column":2},"end":{"line":10,"column":3}},"loc":{"start":{"line":10,"column":22},"end":{"line":14,"column":3}},"line":10},"2":{"name":"(anonymous_2)","decl":{"start":{"line":16,"column":2},"end":{"line":16,"column":3}},"loc":{"start":{"line":16,"column":24},"end":{"line":20,"column":3}},"line":16},"3":{"name":"(anonymous_3)","decl":{"start":{"line":17,"column":23},"end":{"line":17,"column":24}},"loc":{"start":{"line":17,"column":33},"end":{"line":17,"column":48}},"line":17},"4":{"name":"(anonymous_4)","decl":{"start":{"line":22,"column":2},"end":{"line":22,"column":3}},"loc":{"start":{"line":22,"column":30},"end":{"line":26,"column":3}},"line":22},"5":{"name":"(anonymous_5)","decl":{"start":{"line":23,"column":23},"end":{"line":23,"column":24}},"loc":{"start":{"line":23,"column":33},"end":{"line":23,"column":53}},"line":23},"6":{"name":"(anonymous_6)","decl":{"start":{"line":28,"column":2},"end":{"line":28,"column":3}},"loc":{"start":{"line":28,"column":27},"end":{"line":31,"column":3}},"line":28},"7":{"name":"(anonymous_7)","decl":{"start":{"line":29,"column":34},"end":{"line":29,"column":35}},"loc":{"start":{"line":29,"column":44},"end":{"line":29,"column":59}},"line":29},"8":{"name":"(anonymous_8)","decl":{"start":{"line":33,"column":2},"end":{"line":33,"column":3}},"loc":{"start":{"line":33,"column":20},"end":{"line":35,"column":3}},"line":33}},"branchMap":{"0":{"loc":{"start":{"line":18,"column":4},"end":{"line":18,"column":34}},"type":"if","locations":[{"start":{"line":18,"column":4},"end":{"line":18,"column":34}},{"start":{},"end":{}}],"line":18},"1":{"loc":{"start":{"line":24,"column":4},"end":{"line":24,"column":34}},"type":"if","locations":[{"start":{"line":24,"column":4},"end":{"line":24,"column":34}},{"start":{},"end":{}}],"line":24},"2":{"loc":{"start":{"line":30,"column":4},"end":{"line":30,"column":45}},"type":"if","locations":[{"start":{"line":30,"column":4},"end":{"line":30,"column":45}},{"start":{},"end":{}}],"line":30}},"s":{"0":0,"1":0,"2":0,"3":0,"4":0,"5":0,"6":0,"7":0,"8":0,"9":0,"10":0,"11":0,"12":0,"13":0,"14":0,"15":0,"16":0,"17":0,"18":0,"19":0,"20":0},"f":{"0":0,"1":0,"2":0,"3":0,"4":0,"5":0,"6":0,"7":0,"8":0},"b":{"0":[0,0],"1":[0,0],"2":[0,0]},"all":true},"C:\\Users\\atane\\playtime clone\\full-stack-1\\prj\\playtime\\POI(CopyV2)\\POI\\src\\server.js":{"path":"C:\\Users\\atane\\playtime clone\\full-stack-1\\prj\\playtime\\POI(CopyV2)\\POI\\src\\server.js","statementMap":{"0":{"start":{"line":15,"column":19},"end":{"line":15,"column":49}},"1":{"start":{"line":16,"column":18},"end":{"line":16,"column":42}},"2":{"start":{"line":19,"column":17},"end":{"line":21,"column":4}},"3":{"start":{"line":24,"column":2},"end":{"line":24,"column":32}},"4":{"start":{"line":25,"column":2},"end":{"line":25,"column":31}},"5":{"start":{"line":26,"column":2},"end":{"line":26,"column":32}},"6":{"start":{"line":27,"column":2},"end":{"line":27,"column":24}},"7":{"start":{"line":30,"column":2},"end":{"line":36,"column":5}},"8":{"start":{"line":31,"column":17},"end":{"line":31,"column":19}},"9":{"start":{"line":32,"column":4},"end":{"line":34,"column":5}},"10":{"start":{"line":32,"column":17},"end":{"line":32,"column":18}},"11":{"start":{"line":33,"column":6},"end":{"line":33,"column":28}},"12":{"start":{"line":35,"column":4},"end":{"line":35,"column":18}},"13":{"start":{"line":38,"column":2},"end":{"line":40,"column":5}},"14":{"start":{"line":39,"column":4},"end":{"line":39,"column":17}},"15":{"start":{"line":42,"column":2},"end":{"line":44,"column":5}},"16":{"start":{"line":43,"column":4},"end":{"line":43,"column":19}},"17":{"start":{"line":46,"column":2},"end":{"line":48,"column":5}},"18":{"start":{"line":47,"column":4},"end":{"line":47,"column":17}},"19":{"start":{"line":51,"column":2},"end":{"line":61,"column":5}},"20":{"start":{"line":64,"column":2},"end":{"line":72,"column":5}},"21":{"start":{"line":74,"column":2},"end":{"line":74,"column":33}},"22":{"start":{"line":77,"column":2},"end":{"line":77,"column":18}},"23":{"start":{"line":80,"column":2},"end":{"line":89,"column":5}},"24":{"start":{"line":92,"column":2},"end":{"line":92,"column":26}},"25":{"start":{"line":95,"column":2},"end":{"line":95,"column":23}},"26":{"start":{"line":96,"column":2},"end":{"line":96,"column":57}},"27":{"start":{"line":100,"column":0},"end":{"line":103,"column":3}},"28":{"start":{"line":101,"column":2},"end":{"line":101,"column":19}},"29":{"start":{"line":102,"column":2},"end":{"line":102,"column":18}},"30":{"start":{"line":106,"column":15},"end":{"line":106,"column":30}},"31":{"start":{"line":107,"column":0},"end":{"line":110,"column":1}},"32":{"start":{"line":108,"column":2},"end":{"line":108,"column":36}},"33":{"start":{"line":109,"column":2},"end":{"line":109,"column":18}},"34":{"start":{"line":113,"column":0},"end":{"line":113,"column":7}}},"fnMap":{"0":{"name":"init","decl":{"start":{"line":18,"column":15},"end":{"line":18,"column":19}},"loc":{"start":{"line":18,"column":22},"end":{"line":97,"column":1}},"line":18},"1":{"name":"(anonymous_1)","decl":{"start":{"line":30,"column":37},"end":{"line":30,"column":38}},"loc":{"start":{"line":30,"column":57},"end":{"line":36,"column":3}},"line":30},"2":{"name":"(anonymous_2)","decl":{"start":{"line":38,"column":40},"end":{"line":38,"column":41}},"loc":{"start":{"line":38,"column":56},"end":{"line":40,"column":3}},"line":38},"3":{"name":"(anonymous_3)","decl":{"start":{"line":42,"column":34},"end":{"line":42,"column":35}},"loc":{"start":{"line":42,"column":50},"end":{"line":44,"column":3}},"line":42},"4":{"name":"(anonymous_4)","decl":{"start":{"line":46,"column":34},"end":{"line":46,"column":35}},"loc":{"start":{"line":46,"column":50},"end":{"line":48,"column":3}},"line":46},"5":{"name":"(anonymous_5)","decl":{"start":{"line":100,"column":33},"end":{"line":100,"column":34}},"loc":{"start":{"line":100,"column":42},"end":{"line":103,"column":1}},"line":100}},"branchMap":{"0":{"loc":{"start":{"line":20,"column":10},"end":{"line":20,"column":34}},"type":"binary-expr","locations":[{"start":{"line":20,"column":10},"end":{"line":20,"column":26}},{"start":{"line":20,"column":30},"end":{"line":20,"column":34}}],"line":20},"1":{"loc":{"start":{"line":67,"column":16},"end":{"line":67,"column":82}},"type":"binary-expr","locations":[{"start":{"line":67,"column":16},"end":{"line":67,"column":43}},{"start":{"line":67,"column":47},"end":{"line":67,"column":82}}],"line":67},"2":{"loc":{"start":{"line":107,"column":0},"end":{"line":110,"column":1}},"type":"if","locations":[{"start":{"line":107,"column":0},"end":{"line":110,"column":1}},{"start":{},"end":{}}],"line":107}},"s":{"0":0,"1":0,"2":0,"3":0,"4":0,"5":0,"6":0,"7":0,"8":0,"9":0,"10":0,"11":0,"12":0,"13":0,"14":0,"15":0,"16":0,"17":0,"18":0,"19":0,"20":0,"21":0,"22":0,"23":0,"24":0,"25":0,"26":0,"27":0,"28":0,"29":0,"30":0,"31":0,"32":0,"33":0,"34":0},"f":{"0":0,"1":0,"2":0,"3":0,"4":0,"5":0},"b":{"0":[0,0],"1":[0,0],"2":[0,0]},"all":true},"C:\\Users\\atane\\playtime clone\\full-stack-1\\prj\\playtime\\POI(CopyV2)\\POI\\src\\web-routes.js":{"path":"C:\\Users\\atane\\playtime clone\\full-stack-1\\prj\\playtime\\POI(CopyV2)\\POI\\src\\web-routes.js","statementMap":{"0":{"start":{"line":9,"column":25},"end":{"line":137,"column":1}},"1":{"start":{"line":71,"column":70},"end":{"line":71,"column":90}}},"fnMap":{"0":{"name":"(anonymous_0)","decl":{"start":{"line":71,"column":54},"end":{"line":71,"column":55}},"loc":{"start":{"line":71,"column":70},"end":{"line":71,"column":90}},"line":71}},"branchMap":{},"s":{"0":0,"1":0},"f":{"0":0},"b":{},"all":true}}